[2026-06-11 13:12:11] 【拉流】通道1 DecodeHub，拉流帧率: 24.61，目标帧率: 20
[2026-06-11 13:12:11] 【拉流】通道2 DecodeHub，拉流帧率: 24.52，目标帧率: 20
[2026-06-11 13:12:11] 【拉流】通道3 DecodeHub，拉流帧率: 24.42，目标帧率: 20
[2026-06-11 13:12:11] 【拉流】通道4 DecodeHub，拉流帧率: 24.32，目标帧率: 20
[2026-06-11 13:12:12] 【预览】四宫格合成，预览帧率: 19.48，目标帧率: 20
[2026-06-11 13:12:12] 【系统响应】多路视频预览，4路视频流实时显示，预览帧率: 19.48 FPS，目标: 20
[2026-06-11 13:12:13] 【预览】四宫格合成，预览帧率: 19.02，目标帧率: 20
[2026-06-11 13:12:13] 【系统响应】多路视频预览，4路视频流实时显示，预览帧率: 19.02 FPS，目标: 20
[2026-06-11 13:12:13] 【推流】MJPEG推流，推流帧率: 4.70，队列: 0
[2026-06-11 13:12:14] 【拉流】通道1 DecodeHub，拉流帧率: 26.48，目标帧率: 20
[2026-06-11 13:12:14] 【拉流】通道2 DecodeHub，拉流帧率: 26.49，目标帧率: 20
[2026-06-11 13:12:14] 【拉流】通道3 DecodeHub，拉流帧率: 26.51，目标帧率: 20
[2026-06-11 13:12:14] 【拉流】通道4 DecodeHub，拉流帧率: 26.49，目标帧率: 20
[2026-06-11 13:12:15] 【预览】四宫格合成，预览帧率: 19.74，目标帧率: 20
[2026-06-11 13:12:15] 【系统响应】多路视频预览，4路视频流实时显示，预览帧率: 19.74 FPS，目标: 20
[2026-06-11 13:12:16] 【模型加载】检测任务=摔倒检测，模型=YOLO26-Fall，输入尺寸=320×320，model_key=fall_detection
[2026-06-11 13:12:16] 【模型启动】摔倒检测 YOLO26-Fall 320×320 通道1 开始推理，batch=1
[2026-06-11 13:12:16] 【模型性能】检测任务=摔倒检测，模型=YOLO26-Fall，输入尺寸=320×320，单帧推理/ms=11.33，后处理/ms=1.46，平均FPS=7.96，吞吐FPS=1000.00，通道1，样本=1
[2026-06-11 13:12:16] 【模型性能】通道1 本次单帧推理/ms=11.33，后处理/ms=1.46，合计/ms=125.57，预处理/ms=112.77
[2026-06-11 13:12:17] 【模型加载】检测任务=打架检测，模型=YOLO26-Fight，输入尺寸=640×640，model_key=fight_detection
[2026-06-11 13:12:17] 【预览】四宫格合成，预览帧率: 18.53，目标帧率: 20
[2026-06-11 13:12:17] 【系统响应】多路视频预览，4路视频流实时显示，预览帧率: 18.53 FPS，目标: 20
[2026-06-11 13:12:17] 【推流】MJPEG推流，推流帧率: 19.03，队列: 0
[2026-06-11 13:12:17] 【模型启动】打架检测 YOLO26-Fight 640×640 通道2 开始推理，batch=1
[2026-06-11 13:12:17] 【模型性能】检测任务=打架检测，模型=YOLO26-Fight，输入尺寸=640×640，单帧推理/ms=20.46，后处理/ms=0.24，平均FPS=3.76，吞吐FPS=1000.00，通道2，样本=1
[2026-06-11 13:12:17] 【模型性能】通道2 本次单帧推理/ms=20.46，后处理/ms=0.24，合计/ms=265.95，预处理/ms=245.24
[2026-06-11 13:12:17] 【拉流】通道1 DecodeHub，拉流帧率: 23.56，目标帧率: 20
[2026-06-11 13:12:17] 【拉流】通道2 DecodeHub，拉流帧率: 23.45，目标帧率: 20
[2026-06-11 13:12:17] 【拉流】通道3 DecodeHub，拉流帧率: 23.43，目标帧率: 20
[2026-06-11 13:12:17] 【拉流】通道4 DecodeHub，拉流帧率: 23.45，目标帧率: 20
[2026-06-11 13:12:18] 【预览】四宫格合成，预览帧率: 15.99，目标帧率: 20
[2026-06-11 13:12:18] 【系统响应】多路视频预览，4路视频流实时显示，预览帧率: 15.99 FPS，目标: 20
[2026-06-11 13:12:20] 【拉流】通道1 DecodeHub，拉流帧率: 20.63，目标帧率: 20
[2026-06-11 13:12:20] 【预览】四宫格合成，预览帧率: 16.08，目标帧率: 20
[2026-06-11 13:12:20] 【系统响应】多路视频预览，4路视频流实时显示，预览帧率: 16.08 FPS，目标: 20
[2026-06-11 13:12:20] 【推流】MJPEG推流，推流帧率: 15.99，队列: 0
[2026-06-11 13:12:20] 【拉流】通道2 DecodeHub，拉流帧率: 20.67，目标帧率: 20
[2026-06-11 13:12:20] 【拉流】通道3 DecodeHub，拉流帧率: 20.66，目标帧率: 20
[2026-06-11 13:12:20] 【拉流】通道4 DecodeHub，拉流帧率: 20.66，目标帧率: 20
[2026-06-11 13:12:23] 【预览】四宫格合成，预览帧率: 12.86，目标帧率: 20
[2026-06-11 13:12:23] 【系统响应】多路视频预览，4路视频流实时显示，预览帧率: 12.86 FPS，目标: 20
[2026-06-11 13:12:23] 【拉流】通道1 DecodeHub，拉流帧率: 20.25，目标帧率: 20
[2026-06-11 13:12:23] 【拉流】通道2 DecodeHub，拉流帧率: 20.23，目标帧率: 20
[2026-06-11 13:12:23] 【拉流】通道3 DecodeHub，拉流帧率: 20.21，目标帧率: 20
[2026-06-11 13:12:23] 【拉流】通道4 DecodeHub，拉流帧率: 20.21，目标帧率: 20
[2026-06-11 13:12:24] 【模型性能】检测任务=摔倒检测，模型=YOLO26-Fall，输入尺寸=320×320，单帧推理/ms=9.57，后处理/ms=0.90，平均FPS=16.86，吞吐FPS=3.81，通道1，样本=30
[2026-06-11 13:12:24] 【模型性能】检测任务=打架检测，模型=YOLO26-Fight，输入尺寸=640×640，单帧推理/ms=20.63，后处理/ms=0.24，平均FPS=4.92，吞吐FPS=3.90，通道2，样本=30
[2026-06-11 13:12:25] 【预览】四宫格合成，预览帧率: 14.25，目标帧率: 20
[2026-06-11 13:12:25] 【系统响应】多路视频预览，4路视频流实时显示，预览帧率: 14.25 FPS，目标: 20
[2026-06-11 13:12:25] 【推流】MJPEG推流，推流帧率: 13.48，队列: 0
[2026-06-11 13:12:26] 【拉流】通道1 DecodeHub，拉流帧率: 20.54，目标帧率: 20
[2026-06-11 13:12:26] 【拉流】通道2 DecodeHub，拉流帧率: 20.58，目标帧率: 20
[2026-06-11 13:12:26] 【拉流】通道3 DecodeHub，拉流帧率: 20.62，目标帧率: 20
[2026-06-11 13:12:26] 【拉流】通道4 DecodeHub，拉流帧率: 20.63，目标帧率: 20
[2026-06-11 13:12:27] 【系统响应】告警截图生成，告警类型=fight，通道2，文件=fight_ch2_20260611_131216_frame.jpg，响应时间: 28 ms，结果=成功
[2026-06-11 13:12:27] 【预览】四宫格合成，预览帧率: 13.30，目标帧率: 20
[2026-06-11 13:12:27] 【系统响应】多路视频预览，4路视频流实时显示，预览帧率: 13.30 FPS，目标: 20
[2026-06-11 13:12:27] 【系统响应】告警录屏生成，告警类型=fight，通道2，帧数=68，文件=fight_ch2_20260611_131216.mp4，响应时间: 596 ms，结果=成功
[2026-06-11 13:12:29] 【预览】四宫格合成，预览帧率: 16.20，目标帧率: 20
[2026-06-11 13:12:29] 【系统响应】多路视频预览，4路视频流实时显示，预览帧率: 16.20 FPS，目标: 20
[2026-06-11 13:12:29] 【推流】MJPEG推流，推流帧率: 13.82，队列: 0
[2026-06-11 13:12:29] 【拉流】通道1 DecodeHub，拉流帧率: 20.73，目标帧率: 20
[2026-06-11 13:12:29] 【拉流】通道2 DecodeHub，拉流帧率: 20.81，目标帧率: 20
[2026-06-11 13:12:29] 【拉流】通道3 DecodeHub，拉流帧率: 20.80，目标帧率: 20
[2026-06-11 13:12:29] 【拉流】通道4 DecodeHub，拉流帧率: 20.81，目标帧率: 20
[2026-06-11 13:12:31] 【预览】四宫格合成，预览帧率: 13.15，目标帧率: 20
[2026-06-11 13:12:31] 【系统响应】多路视频预览，4路视频流实时显示，预览帧率: 13.15 FPS，目标: 20
[2026-06-11 13:12:32] 【模型性能】检测任务=摔倒检测，模型=YOLO26-Fall，输入尺寸=320×320，单帧推理/ms=9.57，后处理/ms=0.81，平均FPS=17.47，吞吐FPS=3.86，通道1，样本=60
[2026-06-11 13:12:32] 【模型性能】检测任务=打架检测，模型=YOLO26-Fight，输入尺寸=640×640，单帧推理/ms=20.52，后处理/ms=0.23，平均FPS=5.02，吞吐FPS=3.90，通道2，样本=60
[2026-06-11 13:12:32] 【拉流】通道1 DecodeHub，拉流帧率: 20.63，目标帧率: 20
[2026-06-11 13:12:32] 【拉流】通道2 DecodeHub，拉流帧率: 20.62，目标帧率: 20
[2026-06-11 13:12:32] 【拉流】通道3 DecodeHub，拉流帧率: 20.61，目标帧率: 20
[2026-06-11 13:12:32] 【拉流】通道4 DecodeHub，拉流帧率: 20.62，目标帧率: 20
[2026-06-11 13:12:33] 【预览】四宫格合成，预览帧率: 14.95，目标帧率: 20
[2026-06-11 13:12:33] 【系统响应】多路视频预览，4路视频流实时显示，预览帧率: 14.95 FPS，目标: 20
[2026-06-11 13:12:33] 【推流】MJPEG推流，推流帧率: 13.95，队列: 0
[2026-06-11 13:12:35] 【拉流】通道1 DecodeHub，拉流帧率: 20.96，目标帧率: 20
[2026-06-11 13:12:35] 【预览】四宫格合成，预览帧率: 15.17，目标帧率: 20
[2026-06-11 13:12:35] 【系统响应】多路视频预览，4路视频流实时显示，预览帧率: 15.17 FPS，目标: 20
[2026-06-11 13:12:35] 【拉流】通道2 DecodeHub，拉流帧率: 20.93，目标帧率: 20
[2026-06-11 13:12:35] 【拉流】通道3 DecodeHub，拉流帧率: 20.94，目标帧率: 20
[2026-06-11 13:12:35] 【拉流】通道4 DecodeHub，拉流帧率: 20.89，目标帧率: 20
[2026-06-11 13:12:37] 【预览】四宫格合成，预览帧率: 15.62，目标帧率: 20
[2026-06-11 13:12:37] 【系统响应】多路视频预览，4路视频流实时显示，预览帧率: 15.62 FPS，目标: 20
[2026-06-11 13:12:37] 【推流】MJPEG推流，推流帧率: 15.37，队列: 0
[2026-06-11 13:12:38] 【拉流】通道1 DecodeHub，拉流帧率: 20.97，目标帧率: 20
[2026-06-11 13:12:38] 【拉流】通道2 DecodeHub，拉流帧率: 20.96，目标帧率: 20
[2026-06-11 13:12:38] 【拉流】通道3 DecodeHub，拉流帧率: 20.88，目标帧率: 20
[2026-06-11 13:12:38] 【拉流】通道4 DecodeHub，拉流帧率: 20.89，目标帧率: 20
[2026-06-11 13:12:39] 【预览】四宫格合成，预览帧率: 14.96，目标帧率: 20
[2026-06-11 13:12:39] 【系统响应】多路视频预览，4路视频流实时显示，预览帧率: 14.96 FPS，目标: 20
[2026-06-11 13:12:39] 【模型性能】检测任务=摔倒检测，模型=YOLO26-Fall，输入尺寸=320×320，单帧推理/ms=9.58，后处理/ms=0.75，平均FPS=17.66，吞吐FPS=3.88，通道1，样本=90
[2026-06-11 13:12:40] 【模型性能】检测任务=打架检测，模型=YOLO26-Fight，输入尺寸=640×640，单帧推理/ms=20.47，后处理/ms=0.26，平均FPS=5.07，吞吐FPS=3.91，通道2，样本=90
[2026-06-11 13:12:40] 【系统响应】告警截图生成，告警类型=fall，通道1，文件=fall_ch1_20260611_131228_frame.jpg，响应时间: 20 ms，结果=成功
[2026-06-11 13:12:41] 【系统响应】告警录屏生成，告警类型=fall，通道1，帧数=81，文件=fall_ch1_20260611_131228.mp4，响应时间: 628 ms，结果=成功
[2026-06-11 13:12:41] 【拉流】通道1 DecodeHub，拉流帧率: 20.32，目标帧率: 20
[2026-06-11 13:12:41] 【拉流】通道2 DecodeHub，拉流帧率: 20.34，目标帧率: 20
[2026-06-11 13:12:41] 【拉流】通道3 DecodeHub，拉流帧率: 20.37，目标帧率: 20
[2026-06-11 13:12:41] 【拉流】通道4 DecodeHub，拉流帧率: 20.37，目标帧率: 20
[2026-06-11 13:12:42] 【预览】四宫格合成，预览帧率: 12.53，目标帧率: 20
[2026-06-11 13:12:42] 【系统响应】多路视频预览，4路视频流实时显示，预览帧率: 12.53 FPS，目标: 20
[2026-06-11 13:12:42] 【推流】MJPEG推流，推流帧率: 13.55，队列: 0
[2026-06-11 13:12:44] 【预览】四宫格合成，预览帧率: 15.16，目标帧率: 20
[2026-06-11 13:12:44] 【系统响应】多路视频预览，4路视频流实时显示，预览帧率: 15.16 FPS，目标: 20
[2026-06-11 13:12:44] 【拉流】通道1 DecodeHub，拉流帧率: 21.06，目标帧率: 20
[2026-06-11 13:12:44] 【拉流】通道2 DecodeHub，拉流帧率: 21.05，目标帧率: 20
[2026-06-11 13:12:44] 【拉流】通道3 DecodeHub，拉流帧率: 21.09，目标帧率: 20
[2026-06-11 13:12:44] 【拉流】通道4 DecodeHub，拉流帧率: 21.09，目标帧率: 20
[2026-06-11 13:12:45] 【预览】四宫格合成，预览帧率: 17.12，目标帧率: 20
[2026-06-11 13:12:45] 【系统响应】多路视频预览，4路视频流实时显示，预览帧率: 17.12 FPS，目标: 20
[2026-06-11 13:12:45] 【推流】MJPEG推流，推流帧率: 16.05，队列: 0
[2026-06-11 13:12:47] 【模型性能】检测任务=摔倒检测，模型=YOLO26-Fall，输入尺寸=320×320，单帧推理/ms=9.69，后处理/ms=0.78，平均FPS=17.65，吞吐FPS=3.88，通道1，样本=120
[2026-06-11 13:12:47] 【预览】四宫格合成，预览帧率: 16.22，目标帧率: 20
[2026-06-11 13:12:47] 【系统响应】多路视频预览，4路视频流实时显示，预览帧率: 16.22 FPS，目标: 20
[2026-06-11 13:12:47] 【拉流】通道1 DecodeHub，拉流帧率: 20.51，目标帧率: 20
[2026-06-11 13:12:47] 【拉流】通道2 DecodeHub，拉流帧率: 20.53，目标帧率: 20
[2026-06-11 13:12:47] 【拉流】通道3 DecodeHub，拉流帧率: 20.53，目标帧率: 20
[2026-06-11 13:12:48] 【拉流】通道4 DecodeHub，拉流帧率: 20.50，目标帧率: 20
[2026-06-11 13:12:48] 【模型性能】检测任务=打架检测，模型=YOLO26-Fight，输入尺寸=640×640，单帧推理/ms=20.42，后处理/ms=0.25，平均FPS=5.07，吞吐FPS=3.90，通道2，样本=120
[2026-06-11 13:12:49] 【预览】四宫格合成，预览帧率: 16.27，目标帧率: 20
[2026-06-11 13:12:49] 【系统响应】多路视频预览，4路视频流实时显示，预览帧率: 16.27 FPS，目标: 20
[2026-06-11 13:12:49] 【推流】MJPEG推流，推流帧率: 16.22，队列: 0
[2026-06-11 13:12:50] 【拉流】通道1 DecodeHub，拉流帧率: 21.14，目标帧率: 20
[2026-06-11 13:12:51] 【拉流】通道2 DecodeHub，拉流帧率: 21.12，目标帧率: 20
[2026-06-11 13:12:51] 【拉流】通道3 DecodeHub，拉流帧率: 21.09，目标帧率: 20
[2026-06-11 13:12:51] 【拉流】通道4 DecodeHub，拉流帧率: 21.14，目标帧率: 20
[2026-06-11 13:12:51] 【预览】四宫格合成，预览帧率: 16.54，目标帧率: 20
[2026-06-11 13:12:51] 【系统响应】多路视频预览，4路视频流实时显示，预览帧率: 16.54 FPS，目标: 20
[2026-06-11 13:12:53] 【预览】四宫格合成，预览帧率: 15.66，目标帧率: 20
[2026-06-11 13:12:53] 【系统响应】多路视频预览，4路视频流实时显示，预览帧率: 15.66 FPS，目标: 20
[2026-06-11 13:12:53] 【推流】MJPEG推流，推流帧率: 16.06，队列: 0
[2026-06-11 13:12:54] 【拉流】通道1 DecodeHub，拉流帧率: 20.85，目标帧率: 20
[2026-06-11 13:12:54] 【拉流】通道2 DecodeHub，拉流帧率: 20.88，目标帧率: 20
[2026-06-11 13:12:54] 【拉流】通道3 DecodeHub，拉流帧率: 20.90，目标帧率: 20
[2026-06-11 13:12:54] 【拉流】通道4 DecodeHub，拉流帧率: 20.89，目标帧率: 20
[2026-06-11 13:12:55] 【模型性能】检测任务=摔倒检测，模型=YOLO26-Fall，输入尺寸=320×320，单帧推理/ms=9.70，后处理/ms=0.78，平均FPS=17.77，吞吐FPS=3.88，通道1，样本=150
[2026-06-11 13:12:55] 【预览】四宫格合成，预览帧率: 15.77，目标帧率: 20
[2026-06-11 13:12:55] 【系统响应】多路视频预览，4路视频流实时显示，预览帧率: 15.77 FPS，目标: 20
[2026-06-11 13:12:55] 【模型性能】检测任务=打架检测，模型=YOLO26-Fight，输入尺寸=640×640，单帧推理/ms=20.35，后处理/ms=0.23，平均FPS=5.08，吞吐FPS=3.90，通道2，样本=150
[2026-06-11 13:12:57] 【预览】四宫格合成，预览帧率: 17.49，目标帧率: 20
[2026-06-11 13:12:57] 【系统响应】多路视频预览，4路视频流实时显示，预览帧率: 17.49 FPS，目标: 20
[2026-06-11 13:12:57] 【拉流】通道1 DecodeHub，拉流帧率: 21.10，目标帧率: 20
[2026-06-11 13:12:57] 【推流】MJPEG推流，推流帧率: 16.48，队列: 0
[2026-06-11 13:12:57] 【拉流】通道2 DecodeHub，拉流帧率: 21.09，目标帧率: 20
[2026-06-11 13:12:57] 【拉流】通道3 DecodeHub，拉流帧率: 21.07，目标帧率: 20
[2026-06-11 13:12:57] 【拉流】通道4 DecodeHub，拉流帧率: 21.09，目标帧率: 20
[2026-06-11 13:12:58] 【预览】四宫格合成，预览帧率: 16.75，目标帧率: 20
[2026-06-11 13:12:58] 【系统响应】多路视频预览，4路视频流实时显示，预览帧率: 16.75 FPS，目标: 20
[2026-06-11 13:13:00] 【拉流】通道1 DecodeHub，拉流帧率: 21.38，目标帧率: 20
[2026-06-11 13:13:00] 【拉流】通道2 DecodeHub，拉流帧率: 21.33，目标帧率: 20
[2026-06-11 13:13:00] 【拉流】通道3 DecodeHub，拉流帧率: 21.34，目标帧率: 20
[2026-06-11 13:13:00] 【拉流】通道4 DecodeHub，拉流帧率: 21.35，目标帧率: 20
[2026-06-11 13:13:00] 【预览】四宫格合成，预览帧率: 16.18，目标帧率: 20
[2026-06-11 13:13:00] 【系统响应】多路视频预览，4路视频流实时显示，预览帧率: 16.18 FPS，目标: 20
[2026-06-11 13:13:00] 【推流】MJPEG推流，推流帧率: 16.43，队列: 0
[2026-06-11 13:13:02] 【预览】四宫格合成，预览帧率: 16.13，目标帧率: 20
[2026-06-11 13:13:02] 【系统响应】多路视频预览，4路视频流实时显示，预览帧率: 16.13 FPS，目标: 20
[2026-06-11 13:13:02] 【模型性能】检测任务=摔倒检测，模型=YOLO26-Fall，输入尺寸=320×320，单帧推理/ms=9.64，后处理/ms=0.76，平均FPS=17.84，吞吐FPS=3.88，通道1，样本=180
[2026-06-11 13:13:03] 【拉流】通道1 DecodeHub，拉流帧率: 21.38，目标帧率: 20
[2026-06-11 13:13:03] 【拉流】通道2 DecodeHub，拉流帧率: 21.39，目标帧率: 20
[2026-06-11 13:13:03] 【拉流】通道3 DecodeHub，拉流帧率: 21.37，目标帧率: 20
[2026-06-11 13:13:03] 【拉流】通道4 DecodeHub，拉流帧率: 21.37，目标帧率: 20
[2026-06-11 13:13:03] 【模型性能】检测任务=打架检测，模型=YOLO26-Fight，输入尺寸=640×640，单帧推理/ms=20.29，后处理/ms=0.25，平均FPS=5.08，吞吐FPS=3.90，通道2，样本=180
[2026-06-11 13:13:04] 【预览】四宫格合成，预览帧率: 16.46，目标帧率: 20
[2026-06-11 13:13:04] 【系统响应】多路视频预览，4路视频流实时显示，预览帧率: 16.46 FPS，目标: 20
[2026-06-11 13:13:04] 【推流】MJPEG推流，推流帧率: 16.18，队列: 0
[2026-06-11 13:13:06] 【拉流】通道1 DecodeHub，拉流帧率: 20.43，目标帧率: 20
[2026-06-11 13:13:06] 【拉流】通道2 DecodeHub，拉流帧率: 20.46，目标帧率: 20
[2026-06-11 13:13:06] 【拉流】通道3 DecodeHub，拉流帧率: 20.49，目标帧率: 20
[2026-06-11 13:13:06] 【拉流】通道4 DecodeHub，拉流帧率: 20.47，目标帧率: 20
[2026-06-11 13:13:06] 【预览】四宫格合成，预览帧率: 16.30，目标帧率: 20
[2026-06-11 13:13:06] 【系统响应】多路视频预览，4路视频流实时显示，预览帧率: 16.30 FPS，目标: 20
[2026-06-11 13:13:08] 【预览】四宫格合成，预览帧率: 16.04，目标帧率: 20
[2026-06-11 13:13:08] 【系统响应】多路视频预览，4路视频流实时显示，预览帧率: 16.04 FPS，目标: 20
[2026-06-11 13:13:08] 【推流】MJPEG推流，推流帧率: 16.07，队列: 0
[2026-06-11 13:13:09] 【拉流】通道1 DecodeHub，拉流帧率: 21.56，目标帧率: 20
[2026-06-11 13:13:09] 【拉流】通道2 DecodeHub，拉流帧率: 21.53，目标帧率: 20
[2026-06-11 13:13:09] 【拉流】通道3 DecodeHub，拉流帧率: 21.51，目标帧率: 20
[2026-06-11 13:13:09] 【拉流】通道4 DecodeHub，拉流帧率: 21.49，目标帧率: 20
[2026-06-11 13:13:09] 【预览】四宫格合成，预览帧率: 16.74，目标帧率: 20
[2026-06-11 13:13:09] 【系统响应】多路视频预览，4路视频流实时显示，预览帧率: 16.74 FPS，目标: 20
[2026-06-11 13:13:10] 【模型性能】检测任务=摔倒检测，模型=YOLO26-Fall，输入尺寸=320×320，单帧推理/ms=9.67，后处理/ms=0.75，平均FPS=17.85，吞吐FPS=3.89，通道1，样本=210
[2026-06-11 13:13:11] 【模型性能】检测任务=打架检测，模型=YOLO26-Fight，输入尺寸=640×640，单帧推理/ms=20.34，后处理/ms=0.24，平均FPS=5.09，吞吐FPS=3.90，通道2，样本=210
[2026-06-11 13:13:11] 【预览】四宫格合成，预览帧率: 15.31，目标帧率: 20
[2026-06-11 13:13:11] 【系统响应】多路视频预览，4路视频流实时显示，预览帧率: 15.31 FPS，目标: 20
[2026-06-11 13:13:11] 【推流】MJPEG推流，推流帧率: 15.99，队列: 0
[2026-06-11 13:13:12] 【拉流】通道1 DecodeHub，拉流帧率: 20.84，目标帧率: 20
[2026-06-11 13:13:12] 【拉流】通道2 DecodeHub，拉流帧率: 20.87，目标帧率: 20
[2026-06-11 13:13:12] 【拉流】通道3 DecodeHub，拉流帧率: 20.86，目标帧率: 20
[2026-06-11 13:13:12] 【拉流】通道4 DecodeHub，拉流帧率: 20.85，目标帧率: 20
[2026-06-11 13:13:13] 【预览】四宫格合成，预览帧率: 14.82，目标帧率: 20
[2026-06-11 13:13:13] 【系统响应】多路视频预览，4路视频流实时显示，预览帧率: 14.82 FPS，目标: 20
[2026-06-11 13:13:15] 【拉流】通道1 DecodeHub，拉流帧率: 20.65，目标帧率: 20
[2026-06-11 13:13:15] 【拉流】通道2 DecodeHub，拉流帧率: 20.65，目标帧率: 20
[2026-06-11 13:13:15] 【拉流】通道3 DecodeHub，拉流帧率: 20.59，目标帧率: 20
[2026-06-11 13:13:15] 【拉流】通道4 DecodeHub，拉流帧率: 20.61，目标帧率: 20
[2026-06-11 13:13:16] 【预览】四宫格合成，预览帧率: 14.34，目标帧率: 20
[2026-06-11 13:13:16] 【系统响应】多路视频预览，4路视频流实时显示，预览帧率: 14.34 FPS，目标: 20
[2026-06-11 13:13:16] 【推流】MJPEG推流，推流帧率: 14.55，队列: 0
[2026-06-11 13:13:18] 【预览】四宫格合成，预览帧率: 15.16，目标帧率: 20
[2026-06-11 13:13:18] 【系统响应】多路视频预览，4路视频流实时显示，预览帧率: 15.16 FPS，目标: 20
[2026-06-11 13:13:18] 【拉流】通道1 DecodeHub，拉流帧率: 20.28，目标帧率: 20
[2026-06-11 13:13:18] 【拉流】通道2 DecodeHub，拉流帧率: 20.30，目标帧率: 20
[2026-06-11 13:13:18] 【拉流】通道3 DecodeHub，拉流帧率: 20.41，目标帧率: 20
[2026-06-11 13:13:18] 【拉流】通道4 DecodeHub，拉流帧率: 20.40，目标帧率: 20
[2026-06-11 13:13:18] 【模型性能】检测任务=摔倒检测，模型=YOLO26-Fall，输入尺寸=320×320，单帧推理/ms=9.71，后处理/ms=0.73，平均FPS=17.84，吞吐FPS=3.89，通道1，样本=240
[2026-06-11 13:13:18] 【模型性能】检测任务=打架检测，模型=YOLO26-Fight，输入尺寸=640×640，单帧推理/ms=20.35，后处理/ms=0.24，平均FPS=5.09，吞吐FPS=3.90，通道2，样本=240
[2026-06-11 13:13:19] 【预览】四宫格合成，预览帧率: 15.32，目标帧率: 20
[2026-06-11 13:13:19] 【系统响应】多路视频预览，4路视频流实时显示，预览帧率: 15.32 FPS，目标: 20
[2026-06-11 13:13:19] 【推流】MJPEG推流，推流帧率: 15.19，队列: 0
[2026-06-11 13:13:21] 【拉流】通道2 DecodeHub，拉流帧率: 20.66，目标帧率: 20
[2026-06-11 13:13:21] 【拉流】通道1 DecodeHub，拉流帧率: 20.69，目标帧率: 20
[2026-06-11 13:13:21] 【拉流】通道3 DecodeHub，拉流帧率: 20.59，目标帧率: 20
[2026-06-11 13:13:21] 【拉流】通道4 DecodeHub，拉流帧率: 20.58，目标帧率: 20
[2026-06-11 13:13:21] 【预览】四宫格合成，预览帧率: 15.93，目标帧率: 20
[2026-06-11 13:13:21] 【系统响应】多路视频预览，4路视频流实时显示，预览帧率: 15.93 FPS，目标: 20
[2026-06-11 13:13:23] 【预览】四宫格合成，预览帧率: 16.26，目标帧率: 20
[2026-06-11 13:13:23] 【系统响应】多路视频预览，4路视频流实时显示，预览帧率: 16.26 FPS，目标: 20
[2026-06-11 13:13:23] 【推流】MJPEG推流，推流帧率: 16.00，队列: 0
[2026-06-11 13:13:24] 【拉流】通道2 DecodeHub，拉流帧率: 20.88，目标帧率: 20
[2026-06-11 13:13:24] 【拉流】通道1 DecodeHub，拉流帧率: 20.87，目标帧率: 20
[2026-06-11 13:13:24] 【拉流】通道3 DecodeHub，拉流帧率: 20.84，目标帧率: 20
[2026-06-11 13:13:24] 【拉流】通道4 DecodeHub，拉流帧率: 20.85，目标帧率: 20
[2026-06-11 13:13:25] 【预览】四宫格合成，预览帧率: 15.94，目标帧率: 20
[2026-06-11 13:13:25] 【系统响应】多路视频预览，4路视频流实时显示，预览帧率: 15.94 FPS，目标: 20
[2026-06-11 13:13:26] 【模型性能】检测任务=摔倒检测，模型=YOLO26-Fall，输入尺寸=320×320，单帧推理/ms=9.67，后处理/ms=0.73，平均FPS=17.90，吞吐FPS=3.89，通道1，样本=270
[2026-06-11 13:13:26] 【模型性能】检测任务=打架检测，模型=YOLO26-Fight，输入尺寸=640×640，单帧推理/ms=20.36，后处理/ms=0.24，平均FPS=5.09，吞吐FPS=3.90，通道2，样本=270
[2026-06-11 13:13:27] 【拉流】通道2 DecodeHub，拉流帧率: 21.10，目标帧率: 20
[2026-06-11 13:13:27] 【拉流】通道1 DecodeHub，拉流帧率: 21.08，目标帧率: 20
[2026-06-11 13:13:27] 【拉流】通道3 DecodeHub，拉流帧率: 21.27，目标帧率: 20
[2026-06-11 13:13:27] 【拉流】通道4 DecodeHub，拉流帧率: 21.28，目标帧率: 20
[2026-06-11 13:13:27] 【预览】四宫格合成，预览帧率: 15.00，目标帧率: 20
[2026-06-11 13:13:27] 【系统响应】多路视频预览，4路视频流实时显示，预览帧率: 15.00 FPS，目标: 20
[2026-06-11 13:13:27] 【推流】MJPEG推流，推流帧率: 15.39，队列: 0
[2026-06-11 13:13:29] 【预览】四宫格合成，预览帧率: 15.65，目标帧率: 20
[2026-06-11 13:13:29] 【系统响应】多路视频预览，4路视频流实时显示，预览帧率: 15.65 FPS，目标: 20
[2026-06-11 13:13:30] 【拉流】通道2 DecodeHub，拉流帧率: 21.61，目标帧率: 20
[2026-06-11 13:13:30] 【拉流】通道1 DecodeHub，拉流帧率: 21.61，目标帧率: 20
[2026-06-11 13:13:30] 【拉流】通道3 DecodeHub，拉流帧率: 21.46，目标帧率: 20
[2026-06-11 13:13:30] 【拉流】通道4 DecodeHub，拉流帧率: 21.46，目标帧率: 20
[2026-06-11 13:13:31] 【预览】四宫格合成，预览帧率: 16.71，目标帧率: 20
[2026-06-11 13:13:31] 【系统响应】多路视频预览，4路视频流实时显示，预览帧率: 16.71 FPS，目标: 20
[2026-06-11 13:13:31] 【推流】MJPEG推流，推流帧率: 16.09，队列: 0
[2026-06-11 13:13:33] 【预览】四宫格合成，预览帧率: 15.52，目标帧率: 20
[2026-06-11 13:13:33] 【系统响应】多路视频预览，4路视频流实时显示，预览帧率: 15.52 FPS，目标: 20
[2026-06-11 13:13:33] 【拉流】通道2 DecodeHub，拉流帧率: 20.16，目标帧率: 20
[2026-06-11 13:13:33] 【拉流】通道1 DecodeHub，拉流帧率: 20.14，目标帧率: 20
[2026-06-11 13:13:33] 【拉流】通道3 DecodeHub，拉流帧率: 20.20，目标帧率: 20
[2026-06-11 13:13:33] 【拉流】通道4 DecodeHub，拉流帧率: 20.21，目标帧率: 20
[2026-06-11 13:13:33] 【模型性能】检测任务=摔倒检测，模型=YOLO26-Fall，输入尺寸=320×320，单帧推理/ms=9.65，后处理/ms=0.74，平均FPS=17.95，吞吐FPS=3.89，通道1，样本=300
[2026-06-11 13:13:34] 【模型性能】检测任务=打架检测，模型=YOLO26-Fight，输入尺寸=640×640，单帧推理/ms=20.35，后处理/ms=0.24，平均FPS=5.09，吞吐FPS=3.90，通道2，样本=300
[2026-06-11 13:13:35] 【预览】四宫格合成，预览帧率: 16.10，目标帧率: 20
[2026-06-11 13:13:35] 【系统响应】多路视频预览，4路视频流实时显示，预览帧率: 16.10 FPS，目标: 20
[2026-06-11 13:13:35] 【推流】MJPEG推流，推流帧率: 15.77，队列: 0
[2026-06-11 13:13:36] 【拉流】通道2 DecodeHub，拉流帧率: 20.77，目标帧率: 20
[2026-06-11 13:13:36] 【拉流】通道1 DecodeHub，拉流帧率: 20.82，目标帧率: 20
[2026-06-11 13:13:36] 【拉流】通道3 DecodeHub，拉流帧率: 20.85，目标帧率: 20
[2026-06-11 13:13:36] 【拉流】通道4 DecodeHub，拉流帧率: 20.86，目标帧率: 20
[2026-06-11 13:13:37] 【预览】四宫格合成，预览帧率: 14.83，目标帧率: 20
[2026-06-11 13:13:37] 【系统响应】多路视频预览，4路视频流实时显示，预览帧率: 14.83 FPS，目标: 20
[2026-06-11 13:13:39] 【预览】四宫格合成，预览帧率: 14.26，目标帧率: 20
[2026-06-11 13:13:39] 【系统响应】多路视频预览，4路视频流实时显示，预览帧率: 14.26 FPS，目标: 20
[2026-06-11 13:13:39] 【推流】MJPEG推流，推流帧率: 14.49，队列: 0
[2026-06-11 13:13:39] 【拉流】通道2 DecodeHub，拉流帧率: 21.26，目标帧率: 20
[2026-06-11 13:13:39] 【拉流】通道1 DecodeHub，拉流帧率: 21.19，目标帧率: 20
[2026-06-11 13:13:39] 【拉流】通道3 DecodeHub，拉流帧率: 21.17，目标帧率: 20
[2026-06-11 13:13:39] 【拉流】通道4 DecodeHub，拉流帧率: 21.09，目标帧率: 20
[2026-06-11 13:13:40] 【系统响应】告警截图生成，告警类型=fall，通道1，文件=fall_ch1_20260611_131328_frame.jpg，响应时间: 42 ms，结果=成功
[2026-06-11 13:13:41] 【系统响应】告警录屏生成，告警类型=fall，通道1，帧数=81，文件=fall_ch1_20260611_131328.mp4，响应时间: 653 ms，结果=成功
[2026-06-11 13:13:41] 【模型性能】检测任务=摔倒检测，模型=YOLO26-Fall，输入尺寸=320×320，单帧推理/ms=9.66，后处理/ms=0.74，平均FPS=17.94，吞吐FPS=3.89，通道1，样本=330
[2026-06-11 13:13:41] 【预览】四宫格合成，预览帧率: 11.76，目标帧率: 20
[2026-06-11 13:13:41] 【系统响应】多路视频预览，4路视频流实时显示，预览帧率: 11.76 FPS，目标: 20
[2026-06-11 13:13:41] 【模型性能】检测任务=打架检测，模型=YOLO26-Fight，输入尺寸=640×640，单帧推理/ms=20.34，后处理/ms=0.24，平均FPS=5.09，吞吐FPS=3.90，通道2，样本=330
[2026-06-11 13:13:42] 【拉流】通道2 DecodeHub，拉流帧率: 20.06，目标帧率: 20
[2026-06-11 13:13:42] 【拉流】通道1 DecodeHub，拉流帧率: 20.08，目标帧率: 20
[2026-06-11 13:13:42] 【拉流】通道3 DecodeHub，拉流帧率: 20.08，目标帧率: 20
[2026-06-11 13:13:42] 【拉流】通道4 DecodeHub，拉流帧率: 20.14，目标帧率: 20
[2026-06-11 13:13:43] 【预览】四宫格合成，预览帧率: 16.33，目标帧率: 20
[2026-06-11 13:13:43] 【系统响应】多路视频预览，4路视频流实时显示，预览帧率: 16.33 FPS，目标: 20
[2026-06-11 13:13:43] 【推流】MJPEG推流，推流帧率: 13.62，队列: 0
[2026-06-11 13:13:45] 【拉流】通道2 DecodeHub，拉流帧率: 20.53，目标帧率: 20
[2026-06-11 13:13:45] 【拉流】通道1 DecodeHub，拉流帧率: 20.53，目标帧率: 20
[2026-06-11 13:13:45] 【预览】四宫格合成，预览帧率: 16.98，目标帧率: 20
[2026-06-11 13:13:45] 【系统响应】多路视频预览，4路视频流实时显示，预览帧率: 16.98 FPS，目标: 20
[2026-06-11 13:13:45] 【拉流】通道3 DecodeHub，拉流帧率: 20.44，目标帧率: 20
[2026-06-11 13:13:45] 【拉流】通道4 DecodeHub，拉流帧率: 20.46，目标帧率: 20
[2026-06-11 13:13:47] 【预览】四宫格合成，预览帧率: 17.06，目标帧率: 20
[2026-06-11 13:13:47] 【系统响应】多路视频预览，4路视频流实时显示，预览帧率: 17.06 FPS，目标: 20
[2026-06-11 13:13:47] 【推流】MJPEG推流，推流帧率: 16.86，队列: 0
[2026-06-11 13:13:48] 【拉流】通道2 DecodeHub，拉流帧率: 20.46，目标帧率: 20
[2026-06-11 13:13:48] 【拉流】通道1 DecodeHub，拉流帧率: 20.46，目标帧率: 20
[2026-06-11 13:13:48] 【拉流】通道3 DecodeHub，拉流帧率: 20.51，目标帧率: 20
[2026-06-11 13:13:48] 【拉流】通道4 DecodeHub，拉流帧率: 20.49，目标帧率: 20
[2026-06-11 13:13:49] 【模型性能】检测任务=摔倒检测，模型=YOLO26-Fall，输入尺寸=320×320，单帧推理/ms=9.65，后处理/ms=0.74，平均FPS=17.97，吞吐FPS=3.89，通道1，样本=360
[2026-06-11 13:13:49] 【预览】四宫格合成，预览帧率: 14.58，目标帧率: 20
[2026-06-11 13:13:49] 【系统响应】多路视频预览，4路视频流实时显示，预览帧率: 14.58 FPS，目标: 20
[2026-06-11 13:13:49] 【模型性能】检测任务=打架检测，模型=YOLO26-Fight，输入尺寸=640×640，单帧推理/ms=20.29，后处理/ms=0.24，平均FPS=5.09，吞吐FPS=3.90，通道2，样本=360
[2026-06-11 13:13:51] 【预览】四宫格合成，预览帧率: 16.16，目标帧率: 20
[2026-06-11 13:13:51] 【系统响应】多路视频预览，4路视频流实时显示，预览帧率: 16.16 FPS，目标: 20
[2026-06-11 13:13:51] 【推流】MJPEG推流，推流帧率: 15.32，队列: 0
[2026-06-11 13:13:51] 【拉流】通道2 DecodeHub，拉流帧率: 20.96，目标帧率: 20
[2026-06-11 13:13:51] 【拉流】通道1 DecodeHub，拉流帧率: 21.03，目标帧率: 20
[2026-06-11 13:13:51] 【拉流】通道3 DecodeHub，拉流帧率: 21.01，目标帧率: 20
[2026-06-11 13:13:51] 【拉流】通道4 DecodeHub，拉流帧率: 21.03，目标帧率: 20
[2026-06-11 13:13:53] 【预览】四宫格合成，预览帧率: 14.25，目标帧率: 20
[2026-06-11 13:13:53] 【系统响应】多路视频预览，4路视频流实时显示，预览帧率: 14.25 FPS，目标: 20
[2026-06-11 13:13:53] 【系统响应】告警截图生成，告警类型=fight，通道2，文件=fight_ch2_20260611_131341_frame.jpg，响应时间: 21 ms，结果=成功
[2026-06-11 13:13:54] 【拉流】通道2 DecodeHub，拉流帧率: 18.66，目标帧率: 20
[2026-06-11 13:13:54] 【系统响应】告警录屏生成，告警类型=fight，通道2，帧数=79，文件=fight_ch2_20260611_131341.mp4，响应时间: 600 ms，结果=成功
[2026-06-11 13:13:54] 【拉流】通道1 DecodeHub，拉流帧率: 18.75，目标帧率: 20
[2026-06-11 13:13:54] 【拉流】通道3 DecodeHub，拉流帧率: 18.87，目标帧率: 20
[2026-06-11 13:13:54] 【拉流】通道4 DecodeHub，拉流帧率: 18.89，目标帧率: 20
[2026-06-11 13:13:55] 【预览】四宫格合成，预览帧率: 14.37，目标帧率: 20
[2026-06-11 13:13:55] 【系统响应】多路视频预览，4路视频流实时显示，预览帧率: 14.37 FPS，目标: 20
[2026-06-11 13:13:55] 【推流】MJPEG推流，推流帧率: 14.27，队列: 0
[2026-06-11 13:13:56] 【预览】四宫格合成，预览帧率: 19.80，目标帧率: 20
[2026-06-11 13:13:56] 【系统响应】多路视频预览，4路视频流实时显示，预览帧率: 19.80 FPS，目标: 20
[2026-06-11 13:13:57] 【拉流】通道2 DecodeHub，拉流帧率: 26.58，目标帧率: 20
[2026-06-11 13:13:57] 【拉流】通道1 DecodeHub，拉流帧率: 26.74，目标帧率: 20
[2026-06-11 13:13:57] 【拉流】通道3 DecodeHub，拉流帧率: 26.72，目标帧率: 20
[2026-06-11 13:13:57] 【拉流】通道4 DecodeHub，拉流帧率: 26.68，目标帧率: 20
[2026-06-11 13:13:58] 【预览】四宫格合成，预览帧率: 19.42，目标帧率: 20
[2026-06-11 13:13:58] 【系统响应】多路视频预览，4路视频流实时显示，预览帧率: 19.42 FPS，目标: 20
[2026-06-11 13:13:58] 【推流】MJPEG推流，推流帧率: 19.54，队列: 0
[2026-06-11 13:14:00] 【预览】四宫格合成，预览帧率: 19.25，目标帧率: 20
[2026-06-11 13:14:00] 【系统响应】多路视频预览，4路视频流实时显示，预览帧率: 19.25 FPS，目标: 20
[2026-06-11 13:14:00] 【拉流】通道2 DecodeHub，拉流帧率: 25.96，目标帧率: 20
[2026-06-11 13:14:00] 【拉流】通道1 DecodeHub，拉流帧率: 25.98，目标帧率: 20
[2026-06-11 13:14:00] 【拉流】通道3 DecodeHub，拉流帧率: 26.08，目标帧率: 20
[2026-06-11 13:14:00] 【拉流】通道4 DecodeHub，拉流帧率: 26.11，目标帧率: 20
[2026-06-11 13:14:01] 【预览】四宫格合成，预览帧率: 19.37，目标帧率: 20
[2026-06-11 13:14:01] 【系统响应】多路视频预览，4路视频流实时显示，预览帧率: 19.37 FPS，目标: 20
[2026-06-11 13:14:01] 【推流】MJPEG推流，推流帧率: 19.24，队列: 0
[2026-06-11 13:14:03] 【预览】四宫格合成，预览帧率: 19.67，目标帧率: 20
[2026-06-11 13:14:03] 【系统响应】多路视频预览，4路视频流实时显示，预览帧率: 19.67 FPS，目标: 20
[2026-06-11 13:14:03] 【拉流】通道2 DecodeHub，拉流帧率: 27.40，目标帧率: 20
[2026-06-11 13:14:03] 【拉流】通道1 DecodeHub，拉流帧率: 27.31，目标帧率: 20
[2026-06-11 13:14:03] 【拉流】通道3 DecodeHub，拉流帧率: 27.21，目标帧率: 20
[2026-06-11 13:14:03] 【拉流】通道4 DecodeHub，拉流帧率: 27.17，目标帧率: 20
[2026-06-11 13:14:04] 【预览】四宫格合成，预览帧率: 18.74，目标帧率: 20
[2026-06-11 13:14:04] 【系统响应】多路视频预览，4路视频流实时显示，预览帧率: 18.74 FPS，目标: 20
[2026-06-11 13:14:04] 【推流】MJPEG推流，推流帧率: 19.12，队列: 0
[2026-06-11 13:14:06] 【预览】四宫格合成，预览帧率: 19.24，目标帧率: 20
[2026-06-11 13:14:06] 【系统响应】多路视频预览，4路视频流实时显示，预览帧率: 19.24 FPS，目标: 20
[2026-06-11 13:14:06] 【拉流】通道2 DecodeHub，拉流帧率: 25.89，目标帧率: 20
[2026-06-11 13:14:06] 【模型加载】检测任务=安全帽检测，模型=YOLO26-Helmet，输入尺寸=640×640，model_key=helmet_detection
[2026-06-11 13:14:06] 【模型启动】安全帽检测 YOLO26-Helmet 640×640 通道1 开始推理，batch=1
[2026-06-11 13:14:06] 【模型性能】检测任务=安全帽检测，模型=YOLO26-Helmet，输入尺寸=640×640，单帧推理/ms=5.67，后处理/ms=0.18，平均FPS=85.43，吞吐FPS=1000.00，通道1，样本=1
[2026-06-11 13:14:06] 【模型性能】通道1 本次单帧推理/ms=5.67，后处理/ms=0.18，合计/ms=11.71，预处理/ms=5.85
[2026-06-11 13:14:06] 【拉流】通道1 DecodeHub，拉流帧率: 25.90，目标帧率: 20
[2026-06-11 13:14:06] 【拉流】通道3 DecodeHub，拉流帧率: 25.89，目标帧率: 20
[2026-06-11 13:14:06] 【拉流】通道4 DecodeHub，拉流帧率: 25.92，目标帧率: 20
[2026-06-11 13:14:07] 【模型启动】安全帽检测 YOLO26-Helmet 640×640 通道2 开始推理，batch=1
[2026-06-11 13:14:07] 【模型性能】检测任务=安全帽检测，模型=YOLO26-Helmet，输入尺寸=640×640，单帧推理/ms=4.85，后处理/ms=0.61，平均FPS=102.65，吞吐FPS=1000.00，通道2，样本=1
[2026-06-11 13:14:07] 【模型性能】通道2 本次单帧推理/ms=4.85，后处理/ms=0.61，合计/ms=9.74，预处理/ms=4.29
[2026-06-11 13:14:07] 【预览】四宫格合成，预览帧率: 18.69，目标帧率: 20
[2026-06-11 13:14:07] 【系统响应】多路视频预览，4路视频流实时显示，预览帧率: 18.69 FPS，目标: 20
[2026-06-11 13:14:07] 【推流】MJPEG推流，推流帧率: 18.88，队列: 0
[2026-06-11 13:14:07] 【模型加载】检测任务=呼吸机检测，模型=YOLO26-Gasmask，输入尺寸=640×640，model_key=ventilator_equipment
[2026-06-11 13:14:08] 【模型启动】呼吸机检测 YOLO26-Gasmask 640×640 通道3 开始推理，batch=1
[2026-06-11 13:14:08] 【模型性能】检测任务=呼吸机检测，模型=YOLO26-Gasmask，输入尺寸=640×640，单帧推理/ms=22.40，后处理/ms=0.17，平均FPS=28.09，吞吐FPS=1000.00，通道3，样本=1
[2026-06-11 13:14:08] 【模型性能】通道3 本次单帧推理/ms=22.40，后处理/ms=0.17，合计/ms=35.60，预处理/ms=13.03
[2026-06-11 13:14:08] 【模型启动】呼吸机检测 YOLO26-Helmet(人员定位) 640×640 通道3 开始推理，batch=1
[2026-06-11 13:14:08] 【模型性能】检测任务=呼吸机检测，模型=YOLO26-Helmet(人员定位)，输入尺寸=640×640，单帧推理/ms=8.77，后处理/ms=0.78，平均FPS=59.08，吞吐FPS=1000.00，通道3，样本=1
[2026-06-11 13:14:08] 【模型性能】通道3 本次单帧推理/ms=8.77，后处理/ms=0.78，合计/ms=16.93，预处理/ms=7.37
[2026-06-11 13:14:08] 【模型启动】人员聚集检测 Person + 聚类分析 640×640 通道4 开始推理，batch=1
[2026-06-11 13:14:08] 【模型性能】检测任务=人员聚集检测，模型=Person + 聚类分析，输入尺寸=640×640，单帧推理/ms=6.21，后处理/ms=0.68，平均FPS=69.28，吞吐FPS=1000.00，通道4，样本=1
[2026-06-11 13:14:08] 【模型性能】通道4 本次单帧推理/ms=6.21，后处理/ms=0.68，合计/ms=14.43，预处理/ms=7.54
[2026-06-11 13:14:09] 【拉流】通道2 DecodeHub，拉流帧率: 24.47，目标帧率: 20
[2026-06-11 13:14:09] 【拉流】通道1 DecodeHub，拉流帧率: 24.30，目标帧率: 20
[2026-06-11 13:14:09] 【拉流】通道3 DecodeHub，拉流帧率: 24.25，目标帧率: 20
[2026-06-11 13:14:09] 【拉流】通道4 DecodeHub，拉流帧率: 24.21，目标帧率: 20
[2026-06-11 13:14:10] 【预览】四宫格合成，预览帧率: 13.63，目标帧率: 20
[2026-06-11 13:14:10] 【系统响应】多路视频预览，4路视频流实时显示，预览帧率: 13.63 FPS，目标: 20
[2026-06-11 13:14:11] 【模型性能】检测任务=安全帽检测，模型=YOLO26-Helmet，输入尺寸=640×640，单帧推理/ms=6.01，后处理/ms=0.71，平均FPS=81.68，吞吐FPS=6.33，通道1，样本=30
[2026-06-11 13:14:11] 【模型性能】检测任务=安全帽检测，模型=YOLO26-Helmet，输入尺寸=640×640，单帧推理/ms=5.81，后处理/ms=0.73，平均FPS=77.70，吞吐FPS=6.45，通道2，样本=30
[2026-06-11 13:14:12] 【拉流】通道2 DecodeHub，拉流帧率: 22.68，目标帧率: 20
[2026-06-11 13:14:12] 【预览】四宫格合成，预览帧率: 12.06，目标帧率: 20
[2026-06-11 13:14:12] 【系统响应】多路视频预览，4路视频流实时显示，预览帧率: 12.06 FPS，目标: 20
[2026-06-11 13:14:12] 【推流】MJPEG推流，推流帧率: 12.77，队列: 0
[2026-06-11 13:14:12] 【拉流】通道1 DecodeHub，拉流帧率: 22.78，目标帧率: 20
[2026-06-11 13:14:12] 【拉流】通道3 DecodeHub，拉流帧率: 22.78，目标帧率: 20
[2026-06-11 13:14:12] 【拉流】通道4 DecodeHub，拉流帧率: 22.83，目标帧率: 20
[2026-06-11 13:14:14] 【模型性能】检测任务=人员聚集检测，模型=Person + 聚类分析，输入尺寸=640×640，单帧推理/ms=6.24，后处理/ms=0.60，平均FPS=76.05，吞吐FPS=5.01，通道4，样本=30
[2026-06-11 13:14:14] 【系统响应】告警截图生成，告警类型=helmet，通道1，文件=helmet_ch1_20260611_131406_frame.jpg，响应时间: 27 ms，结果=成功
[2026-06-11 13:14:14] 【系统响应】告警录屏生成，告警类型=helmet，通道1，帧数=48，文件=helmet_ch1_20260611_131406.mp4，响应时间: 381 ms，结果=成功
[2026-06-11 13:14:14] 【系统响应】告警截图生成，告警类型=helmet，通道2，文件=helmet_ch2_20260611_131406_frame.jpg，响应时间: 20 ms，结果=成功
[2026-06-11 13:14:15] 【系统响应】告警录屏生成，告警类型=helmet，通道2，帧数=50，文件=helmet_ch2_20260611_131406.mp4，响应时间: 359 ms，结果=成功
[2026-06-11 13:14:15] 【模型性能】检测任务=呼吸机检测，模型=YOLO26-Gasmask，输入尺寸=640×640，单帧推理/ms=6.46，后处理/ms=0.22，平均FPS=75.14，吞吐FPS=4.09，通道3，样本=30
[2026-06-11 13:14:15] 【模型性能】检测任务=呼吸机检测，模型=YOLO26-Helmet(人员定位)，输入尺寸=640×640，单帧推理/ms=5.73，后处理/ms=0.87，平均FPS=80.40，吞吐FPS=4.10，通道3，样本=30
[2026-06-11 13:14:15] 【拉流】通道2 DecodeHub，拉流帧率: 23.50，目标帧率: 20
[2026-06-11 13:14:15] 【系统响应】告警截图生成，告警类型=ventilator，通道3，文件=ventilator_ch3_20260611_131406_frame.jpg，响应时间: 21 ms，结果=成功
[2026-06-11 13:14:15] 【拉流】通道1 DecodeHub，拉流帧率: 23.31，目标帧率: 20
[2026-06-11 13:14:15] 【拉流】通道3 DecodeHub，拉流帧率: 23.23，目标帧率: 20
[2026-06-11 13:14:15] 【拉流】通道4 DecodeHub，拉流帧率: 23.20，目标帧率: 20
[2026-06-11 13:14:15] 【模型性能】检测任务=安全帽检测，模型=YOLO26-Helmet，输入尺寸=640×640，单帧推理/ms=5.89，后处理/ms=0.84，平均FPS=77.72，吞吐FPS=6.40，通道1，样本=60
[2026-06-11 13:14:16] 【系统响应】告警录屏生成，告警类型=ventilator，通道3，帧数=53，文件=ventilator_ch3_20260611_131406.mp4，响应时间: 438 ms，结果=成功
[2026-06-11 13:14:16] 【模型性能】检测任务=安全帽检测，模型=YOLO26-Helmet，输入尺寸=640×640，单帧推理/ms=6.04，后处理/ms=0.69，平均FPS=78.32，吞吐FPS=6.42，通道2，样本=60
[2026-06-11 13:14:16] 【预览】四宫格合成，预览帧率: 7.56，目标帧率: 20
[2026-06-11 13:14:16] 【系统响应】多路视频预览，4路视频流实时显示，预览帧率: 7.56 FPS，目标: 20
[2026-06-11 13:14:18] 【拉流】通道2 DecodeHub，拉流帧率: 22.27，目标帧率: 20
[2026-06-11 13:14:18] 【拉流】通道1 DecodeHub，拉流帧率: 22.48，目标帧率: 20
[2026-06-11 13:14:18] 【拉流】通道3 DecodeHub，拉流帧率: 22.58，目标帧率: 20
[2026-06-11 13:14:18] 【拉流】通道4 DecodeHub，拉流帧率: 22.61，目标帧率: 20
[2026-06-11 13:14:19] 【预览】四宫格合成，预览帧率: 9.56，目标帧率: 20
[2026-06-11 13:14:19] 【系统响应】多路视频预览，4路视频流实时显示，预览帧率: 9.56 FPS，目标: 20
[2026-06-11 13:14:19] 【推流】MJPEG推流，推流帧率: 8.43，队列: 0
[2026-06-11 13:14:20] 【模型性能】检测任务=人员聚集检测，模型=Person + 聚类分析，输入尺寸=640×640，单帧推理/ms=5.75，后处理/ms=0.60，平均FPS=80.29，吞吐FPS=4.94，通道4，样本=60
[2026-06-11 13:14:20] 【模型性能】检测任务=安全帽检测，模型=YOLO26-Helmet，输入尺寸=640×640，单帧推理/ms=6.11，后处理/ms=0.75，平均FPS=77.12，吞吐FPS=6.40，通道1，样本=90
[2026-06-11 13:14:21] 【模型性能】检测任务=安全帽检测，模型=YOLO26-Helmet，输入尺寸=640×640，单帧推理/ms=5.94，后处理/ms=0.70，平均FPS=79.18，吞吐FPS=6.43，通道2，样本=90
[2026-06-11 13:14:21] 【拉流】通道2 DecodeHub，拉流帧率: 22.27，目标帧率: 20
[2026-06-11 13:14:21] 【系统响应】告警截图生成，告警类型=ventilator，通道3，文件=ventilator_ch3_20260611_131409_frame.jpg，响应时间: 33 ms，结果=成功
[2026-06-11 13:14:21] 【拉流】通道1 DecodeHub，拉流帧率: 22.13，目标帧率: 20
[2026-06-11 13:14:21] 【拉流】通道3 DecodeHub，拉流帧率: 22.01，目标帧率: 20
[2026-06-11 13:14:21] 【拉流】通道4 DecodeHub，拉流帧率: 21.98，目标帧率: 20
[2026-06-11 13:14:22] 【系统响应】告警录屏生成，告警类型=ventilator，通道3，帧数=62，文件=ventilator_ch3_20260611_131409.mp4，响应时间: 456 ms，结果=成功
[2026-06-11 13:14:22] 【系统响应】告警截图生成，告警类型=helmet，通道2，文件=helmet_ch2_20260611_131409_frame.jpg，响应时间: 21 ms，结果=成功
[2026-06-11 13:14:22] 【系统响应】告警录屏生成，告警类型=helmet，通道2，帧数=63，文件=helmet_ch2_20260611_131409.mp4，响应时间: 451 ms，结果=成功
[2026-06-11 13:14:23] 【模型性能】检测任务=呼吸机检测，模型=YOLO26-Gasmask，输入尺寸=640×640，单帧推理/ms=6.30，后处理/ms=0.31，平均FPS=77.21，吞吐FPS=4.00，通道3，样本=60
[2026-06-11 13:14:23] 【模型性能】检测任务=呼吸机检测，模型=YOLO26-Helmet(人员定位)，输入尺寸=640×640，单帧推理/ms=6.44，后处理/ms=0.77，平均FPS=75.42，吞吐FPS=4.01，通道3，样本=60
[2026-06-11 13:14:23] 【预览】四宫格合成，预览帧率: 7.22，目标帧率: 20
[2026-06-11 13:14:23] 【系统响应】多路视频预览，4路视频流实时显示，预览帧率: 7.22 FPS，目标: 20
[2026-06-11 13:14:24] 【拉流】通道2 DecodeHub，拉流帧率: 22.14，目标帧率: 20
[2026-06-11 13:14:24] 【系统响应】告警截图生成，告警类型=helmet，通道1，文件=helmet_ch1_20260611_131412_frame.jpg，响应时间: 31 ms，结果=成功
[2026-06-11 13:14:24] 【拉流】通道1 DecodeHub，拉流帧率: 22.21，目标帧率: 20
[2026-06-11 13:14:24] 【拉流】通道3 DecodeHub，拉流帧率: 22.15，目标帧率: 20
[2026-06-11 13:14:24] 【拉流】通道4 DecodeHub，拉流帧率: 22.16，目标帧率: 20
[2026-06-11 13:14:25] 【系统响应】告警录屏生成，告警类型=helmet，通道1，帧数=56，文件=helmet_ch1_20260611_131412.mp4，响应时间: 403 ms，结果=成功
[2026-06-11 13:14:25] 【模型性能】检测任务=安全帽检测，模型=YOLO26-Helmet，输入尺寸=640×640，单帧推理/ms=6.12，后处理/ms=0.74，平均FPS=76.23，吞吐FPS=6.40，通道1，样本=120
[2026-06-11 13:14:25] 【模型性能】检测任务=安全帽检测，模型=YOLO26-Helmet，输入尺寸=640×640，单帧推理/ms=5.93，后处理/ms=0.80，平均FPS=78.49，吞吐FPS=6.43，通道2，样本=120
[2026-06-11 13:14:26] 【模型性能】检测任务=人员聚集检测，模型=Person + 聚类分析，输入尺寸=640×640，单帧推理/ms=5.80，后处理/ms=0.66，平均FPS=79.78，吞吐FPS=4.91，通道4，样本=90
[2026-06-11 13:14:27] 【预览】四宫格合成，预览帧率: 8.82，目标帧率: 20
[2026-06-11 13:14:27] 【系统响应】多路视频预览，4路视频流实时显示，预览帧率: 8.82 FPS，目标: 20
[2026-06-11 13:14:27] 【推流】MJPEG推流，推流帧率: 7.92，队列: 0
[2026-06-11 13:14:27] 【拉流】通道2 DecodeHub，拉流帧率: 23.15，目标帧率: 20
[2026-06-11 13:14:27] 【拉流】通道1 DecodeHub，拉流帧率: 23.13，目标帧率: 20
[2026-06-11 13:14:27] 【拉流】通道3 DecodeHub，拉流帧率: 23.27，目标帧率: 20
[2026-06-11 13:14:27] 【拉流】通道4 DecodeHub，拉流帧率: 23.28，目标帧率: 20
[2026-06-11 13:14:30] 【模型性能】检测任务=安全帽检测，模型=YOLO26-Helmet，输入尺寸=640×640，单帧推理/ms=6.01，后处理/ms=0.72，平均FPS=77.47，吞吐FPS=6.40，通道1，样本=150
[2026-06-11 13:14:30] 【预览】四宫格合成，预览帧率: 9.87，目标帧率: 20
[2026-06-11 13:14:30] 【系统响应】多路视频预览，4路视频流实时显示，预览帧率: 9.87 FPS，目标: 20
[2026-06-11 13:14:30] 【模型性能】检测任务=安全帽检测，模型=YOLO26-Helmet，输入尺寸=640×640，单帧推理/ms=5.88，后处理/ms=0.83，平均FPS=77.89，吞吐FPS=6.42，通道2，样本=150
[2026-06-11 13:14:30] 【模型性能】检测任务=呼吸机检测，模型=YOLO26-Gasmask，输入尺寸=640×640，单帧推理/ms=6.23，后处理/ms=0.26，平均FPS=77.64，吞吐FPS=3.98，通道3，样本=90
[2026-06-11 13:14:30] 【拉流】通道2 DecodeHub，拉流帧率: 22.87，目标帧率: 20
[2026-06-11 13:14:30] 【模型性能】检测任务=呼吸机检测，模型=YOLO26-Helmet(人员定位)，输入尺寸=640×640，单帧推理/ms=6.34，后处理/ms=0.90，平均FPS=75.76，吞吐FPS=3.98，通道3，样本=90
[2026-06-11 13:14:30] 【拉流】通道1 DecodeHub，拉流帧率: 22.93，目标帧率: 20
[2026-06-11 13:14:30] 【拉流】通道4 DecodeHub，拉流帧率: 23.00，目标帧率: 20
[2026-06-11 13:14:30] 【拉流】通道3 DecodeHub，拉流帧率: 23.03，目标帧率: 20
[2026-06-11 13:14:32] 【系统响应】告警截图生成，告警类型=ventilator，通道3，文件=ventilator_ch3_20260611_131419_frame.jpg，响应时间: 45 ms，结果=成功
[2026-06-11 13:14:32] 【系统响应】告警录屏生成，告警类型=ventilator，通道3，帧数=59，文件=ventilator_ch3_20260611_131419.mp4，响应时间: 397 ms，结果=成功
[2026-06-11 13:14:32] 【模型性能】检测任务=人员聚集检测，模型=Person + 聚类分析，输入尺寸=640×640，单帧推理/ms=5.96，后处理/ms=0.69，平均FPS=77.85，吞吐FPS=4.90，通道4，样本=120
[2026-06-11 13:14:33] 【拉流】通道2 DecodeHub，拉流帧率: 22.93，目标帧率: 20
[2026-06-11 13:14:33] 【预览】四宫格合成，预览帧率: 8.89，目标帧率: 20
[2026-06-11 13:14:33] 【系统响应】多路视频预览，4路视频流实时显示，预览帧率: 8.89 FPS，目标: 20
[2026-06-11 13:14:33] 【推流】MJPEG推流，推流帧率: 9.35，队列: 0
[2026-06-11 13:14:33] 【拉流】通道1 DecodeHub，拉流帧率: 22.86，目标帧率: 20
[2026-06-11 13:14:33] 【拉流】通道4 DecodeHub，拉流帧率: 22.85，目标帧率: 20
[2026-06-11 13:14:33] 【拉流】通道3 DecodeHub，拉流帧率: 22.86，目标帧率: 20
[2026-06-11 13:14:34] 【模型性能】检测任务=安全帽检测，模型=YOLO26-Helmet，输入尺寸=640×640，单帧推理/ms=5.90，后处理/ms=0.72，平均FPS=78.91，吞吐FPS=6.42，通道1，样本=180
[2026-06-11 13:14:35] 【模型性能】检测任务=安全帽检测，模型=YOLO26-Helmet，输入尺寸=640×640，单帧推理/ms=5.80，后处理/ms=0.84，平均FPS=77.99，吞吐FPS=6.42，通道2，样本=180
[2026-06-11 13:14:35] 【系统响应】告警截图生成，告警类型=helmet，通道2，文件=helmet_ch2_20260611_131423_frame.jpg，响应时间: 33 ms，结果=成功
[2026-06-11 13:14:35] 【系统响应】告警录屏生成，告警类型=helmet，通道2，帧数=59，文件=helmet_ch2_20260611_131423.mp4，响应时间: 423 ms，结果=成功
[2026-06-11 13:14:36] 【拉流】通道2 DecodeHub，拉流帧率: 22.48，目标帧率: 20
[2026-06-11 13:14:36] 【拉流】通道1 DecodeHub，拉流帧率: 22.52，目标帧率: 20
[2026-06-11 13:14:36] 【拉流】通道4 DecodeHub，拉流帧率: 22.49，目标帧率: 20
[2026-06-11 13:14:36] 【拉流】通道3 DecodeHub，拉流帧率: 22.46，目标帧率: 20
[2026-06-11 13:14:37] 【预览】四宫格合成，预览帧率: 8.81，目标帧率: 20
[2026-06-11 13:14:37] 【系统响应】多路视频预览，4路视频流实时显示，预览帧率: 8.81 FPS，目标: 20
[2026-06-11 13:14:38] 【模型性能】检测任务=呼吸机检测，模型=YOLO26-Gasmask，输入尺寸=640×640，单帧推理/ms=6.25，后处理/ms=0.25，平均FPS=78.83，吞吐FPS=3.96，通道3，样本=120
[2026-06-11 13:14:38] 【模型性能】检测任务=呼吸机检测，模型=YOLO26-Helmet(人员定位)，输入尺寸=640×640，单帧推理/ms=6.30，后处理/ms=0.86，平均FPS=75.82，吞吐FPS=3.96，通道3，样本=120
[2026-06-11 13:14:39] 【模型性能】检测任务=人员聚集检测，模型=Person + 聚类分析，输入尺寸=640×640，单帧推理/ms=5.81，后处理/ms=0.68，平均FPS=78.54，吞吐FPS=4.89，通道4，样本=150
[2026-06-11 13:14:39] 【模型性能】检测任务=安全帽检测，模型=YOLO26-Helmet，输入尺寸=640×640，单帧推理/ms=5.84，后处理/ms=0.74，平均FPS=78.83，吞吐FPS=6.42，通道1，样本=210
[2026-06-11 13:14:39] 【模型性能】检测任务=安全帽检测，模型=YOLO26-Helmet，输入尺寸=640×640，单帧推理/ms=5.88，后处理/ms=0.84，平均FPS=77.56，吞吐FPS=6.44，通道2，样本=210
[2026-06-11 13:14:39] 【拉流】通道2 DecodeHub，拉流帧率: 22.83，目标帧率: 20
[2026-06-11 13:14:39] 【拉流】通道1 DecodeHub，拉流帧率: 22.84，目标帧率: 20
[2026-06-11 13:14:39] 【拉流】通道4 DecodeHub，拉流帧率: 22.74，目标帧率: 20
[2026-06-11 13:14:39] 【拉流】通道3 DecodeHub，拉流帧率: 22.70，目标帧率: 20
[2026-06-11 13:14:40] 【系统响应】告警截图生成，告警类型=ventilator，通道3，文件=ventilator_ch3_20260611_131428_frame.jpg，响应时间: 34 ms，结果=成功
[2026-06-11 13:14:40] 【推流】MJPEG推流，推流帧率: 8.69，队列: 0
[2026-06-11 13:14:40] 【预览】四宫格合成，预览帧率: 8.69，目标帧率: 20
[2026-06-11 13:14:40] 【系统响应】多路视频预览，4路视频流实时显示，预览帧率: 8.69 FPS，目标: 20
[2026-06-11 13:14:40] 【系统响应】告警录屏生成，告警类型=ventilator，通道3，帧数=60，文件=ventilator_ch3_20260611_131428.mp4，响应时间: 439 ms，结果=成功
[2026-06-11 13:14:42] 【拉流】通道2 DecodeHub，拉流帧率: 22.11，目标帧率: 20
[2026-06-11 13:14:42] 【拉流】通道1 DecodeHub，拉流帧率: 22.18，目标帧率: 20
[2026-06-11 13:14:42] 【系统响应】告警截图生成，告警类型=helmet，通道2，文件=helmet_ch2_20260611_131430_frame.jpg，响应时间: 28 ms，结果=成功
[2026-06-11 13:14:42] 【拉流】通道4 DecodeHub，拉流帧率: 22.29，目标帧率: 20
[2026-06-11 13:14:43] 【拉流】通道3 DecodeHub，拉流帧率: 22.39，目标帧率: 20
[2026-06-11 13:14:43] 【系统响应】告警录屏生成，告警类型=helmet，通道2，帧数=59，文件=helmet_ch2_20260611_131430.mp4，响应时间: 443 ms，结果=成功
[2026-06-11 13:14:43] 【系统响应】告警截图生成，告警类型=helmet，通道1，文件=helmet_ch1_20260611_131431_frame.jpg，响应时间: 24 ms，结果=成功
[2026-06-11 13:14:43] 【模型性能】检测任务=安全帽检测，模型=YOLO26-Helmet，输入尺寸=640×640，单帧推理/ms=5.82，后处理/ms=0.76，平均FPS=79.26，吞吐FPS=6.42，通道1，样本=240
[2026-06-11 13:14:44] 【系统响应】告警录屏生成，告警类型=helmet，通道1，帧数=59，文件=helmet_ch1_20260611_131431.mp4，响应时间: 427 ms，结果=成功
[2026-06-11 13:14:44] 【模型性能】检测任务=安全帽检测，模型=YOLO26-Helmet，输入尺寸=640×640，单帧推理/ms=5.98，后处理/ms=0.83，平均FPS=76.94，吞吐FPS=6.44，通道2，样本=240
[2026-06-11 13:14:44] 【预览】四宫格合成，预览帧率: 7.41，目标帧率: 20
[2026-06-11 13:14:44] 【系统响应】多路视频预览，4路视频流实时显示，预览帧率: 7.41 FPS，目标: 20
[2026-06-11 13:14:45] 【模型性能】检测任务=人员聚集检测，模型=Person + 聚类分析，输入尺寸=640×640，单帧推理/ms=5.86，后处理/ms=0.73，平均FPS=78.09，吞吐FPS=4.88，通道4，样本=180
[2026-06-11 13:14:45] 【系统响应】告警截图生成，告警类型=helmet，通道2，文件=helmet_ch2_20260611_131433_frame.jpg，响应时间: 27 ms，结果=成功
[2026-06-11 13:14:45] 【拉流】通道2 DecodeHub，拉流帧率: 22.59，目标帧率: 20
[2026-06-11 13:14:45] 【拉流】通道1 DecodeHub，拉流帧率: 22.51，目标帧率: 20
[2026-06-11 13:14:45] 【系统响应】告警录屏生成，告警类型=helmet，通道2，帧数=57，文件=helmet_ch2_20260611_131433.mp4，响应时间: 392 ms，结果=成功
[2026-06-11 13:14:45] 【拉流】通道4 DecodeHub，拉流帧率: 22.49，目标帧率: 20
[2026-06-11 13:14:45] 【模型性能】检测任务=呼吸机检测，模型=YOLO26-Gasmask，输入尺寸=640×640，单帧推理/ms=6.22，后处理/ms=0.24，平均FPS=79.27，吞吐FPS=3.95，通道3，样本=150
[2026-06-11 13:14:46] 【模型性能】检测任务=呼吸机检测，模型=YOLO26-Helmet(人员定位)，输入尺寸=640×640，单帧推理/ms=6.19，后处理/ms=0.84，平均FPS=76.73，吞吐FPS=3.95，通道3，样本=150
[2026-06-11 13:14:46] 【拉流】通道3 DecodeHub，拉流帧率: 22.41，目标帧率: 20
[2026-06-11 13:14:48] 【预览】四宫格合成，预览帧率: 8.36，目标帧率: 20
[2026-06-11 13:14:48] 【系统响应】多路视频预览，4路视频流实时显示，预览帧率: 8.36 FPS，目标: 20
[2026-06-11 13:14:48] 【推流】MJPEG推流，推流帧率: 7.61，队列: 0
[2026-06-11 13:14:48] 【模型性能】检测任务=安全帽检测，模型=YOLO26-Helmet，输入尺寸=640×640，单帧推理/ms=5.87，后处理/ms=0.80，平均FPS=78.60，吞吐FPS=6.42，通道1，样本=270
[2026-06-11 13:14:48] 【拉流】通道2 DecodeHub，拉流帧率: 23.42，目标帧率: 20
[2026-06-11 13:14:48] 【拉流】通道1 DecodeHub，拉流帧率: 23.32，目标帧率: 20
[2026-06-11 13:14:48] 【拉流】通道4 DecodeHub，拉流帧率: 23.28，目标帧率: 20
[2026-06-11 13:14:49] 【模型性能】检测任务=安全帽检测，模型=YOLO26-Helmet，输入尺寸=640×640，单帧推理/ms=5.97，后处理/ms=0.83，平均FPS=76.83，吞吐FPS=6.43，通道2，样本=270
[2026-06-11 13:14:49] 【拉流】通道3 DecodeHub，拉流帧率: 23.19，目标帧率: 20
[2026-06-11 13:14:51] 【预览】四宫格合成，预览帧率: 10.46，目标帧率: 20
[2026-06-11 13:14:51] 【系统响应】多路视频预览，4路视频流实时显示，预览帧率: 10.46 FPS，目标: 20
[2026-06-11 13:14:51] 【模型性能】检测任务=人员聚集检测，模型=Person + 聚类分析，输入尺寸=640×640，单帧推理/ms=5.91，后处理/ms=0.72，平均FPS=77.49，吞吐FPS=4.87，通道4，样本=210
[2026-06-11 13:14:51] 【拉流】通道2 DecodeHub，拉流帧率: 22.88，目标帧率: 20
[2026-06-11 13:14:51] 【拉流】通道1 DecodeHub，拉流帧率: 23.05，目标帧率: 20
[2026-06-11 13:14:52] 【拉流】通道4 DecodeHub，拉流帧率: 23.13，目标帧率: 20
[2026-06-11 13:14:52] 【拉流】通道3 DecodeHub，拉流帧率: 23.23，目标帧率: 20
[2026-06-11 13:14:52] 【系统响应】告警截图生成，告警类型=crowd，通道4，文件=crowd_ch4_20260611_131440_frame.jpg，响应时间: 35 ms，结果=成功
[2026-06-11 13:14:52] 【系统响应】告警录屏生成，告警类型=crowd，通道4，帧数=56，文件=crowd_ch4_20260611_131440.mp4，响应时间: 418 ms，结果=成功
[2026-06-11 13:14:53] 【模型性能】检测任务=安全帽检测，模型=YOLO26-Helmet，输入尺寸=640×640，单帧推理/ms=5.93，后处理/ms=0.81，平均FPS=78.04，吞吐FPS=6.42，通道1，样本=300
[2026-06-11 13:14:53] 【模型性能】检测任务=呼吸机检测，模型=YOLO26-Gasmask，输入尺寸=640×640，单帧推理/ms=6.21，后处理/ms=0.24，平均FPS=78.94，吞吐FPS=3.95，通道3，样本=180
[2026-06-11 13:14:53] 【模型性能】检测任务=呼吸机检测，模型=YOLO26-Helmet(人员定位)，输入尺寸=640×640，单帧推理/ms=6.15，后处理/ms=0.81，平均FPS=76.32，吞吐FPS=3.95，通道3，样本=180
[2026-06-11 13:14:53] 【模型性能】检测任务=安全帽检测，模型=YOLO26-Helmet，输入尺寸=640×640，单帧推理/ms=5.95，后处理/ms=0.84，平均FPS=76.90，吞吐FPS=6.43，通道2，样本=300
[2026-06-11 13:14:54] 【拉流】通道2 DecodeHub，拉流帧率: 23.11，目标帧率: 20
[2026-06-11 13:14:54] 【预览】四宫格合成，预览帧率: 8.47，目标帧率: 20
[2026-06-11 13:14:54] 【系统响应】多路视频预览，4路视频流实时显示，预览帧率: 8.47 FPS，目标: 20
[2026-06-11 13:14:54] 【推流】MJPEG推流，推流帧率: 9.36，队列: 0
[2026-06-11 13:14:54] 【拉流】通道1 DecodeHub，拉流帧率: 22.90，目标帧率: 20
[2026-06-11 13:14:55] 【拉流】通道4 DecodeHub，拉流帧率: 22.89，目标帧率: 20
[2026-06-11 13:14:55] 【拉流】通道3 DecodeHub，拉流帧率: 22.98，目标帧率: 20
[2026-06-11 13:14:57] 【预览】四宫格合成，预览帧率: 13.33，目标帧率: 20
[2026-06-11 13:14:57] 【系统响应】多路视频预览，4路视频流实时显示，预览帧率: 13.33 FPS，目标: 20
[2026-06-11 13:14:57] 【模型性能】检测任务=人员聚集检测，模型=Person + 聚类分析，输入尺寸=640×640，单帧推理/ms=5.86，后处理/ms=0.71，平均FPS=78.07，吞吐FPS=4.87，通道4，样本=240
[2026-06-11 13:14:57] 【拉流】通道2 DecodeHub，拉流帧率: 23.64，目标帧率: 20
[2026-06-11 13:14:57] 【拉流】通道1 DecodeHub，拉流帧率: 23.95，目标帧率: 20
[2026-06-11 13:14:58] 【拉流】通道4 DecodeHub，拉流帧率: 23.93，目标帧率: 20
[2026-06-11 13:14:58] 【模型性能】检测任务=安全帽检测，模型=YOLO26-Helmet，输入尺寸=640×640，单帧推理/ms=5.92，后处理/ms=0.76，平均FPS=78.42，吞吐FPS=6.41，通道1，样本=330
[2026-06-11 13:14:58] 【拉流】通道3 DecodeHub，拉流帧率: 23.90，目标帧率: 20
[2026-06-11 13:14:58] 【模型性能】检测任务=安全帽检测，模型=YOLO26-Helmet，输入尺寸=640×640，单帧推理/ms=5.90，后处理/ms=0.79，平均FPS=77.72，吞吐FPS=6.42，通道2，样本=330
[2026-06-11 13:14:58] 【预览】四宫格合成，预览帧率: 17.51，目标帧率: 20
[2026-06-11 13:14:58] 【系统响应】多路视频预览，4路视频流实时显示，预览帧率: 17.51 FPS，目标: 20
[2026-06-11 13:14:58] 【推流】MJPEG推流，推流帧率: 15.12，队列: 0
[2026-06-11 13:14:59] 【系统响应】告警截图生成，告警类型=helmet，通道2，文件=helmet_ch2_20260611_131447_frame.jpg，响应时间: 21 ms，结果=成功
[2026-06-11 13:14:59] 【系统响应】告警录屏生成，告警类型=helmet，通道2，帧数=66，文件=helmet_ch2_20260611_131447.mp4，响应时间: 468 ms，结果=成功
[2026-06-11 13:15:00] 【系统响应】告警截图生成，告警类型=helmet，通道1，文件=helmet_ch1_20260611_131447_frame.jpg，响应时间: 25 ms，结果=成功
[2026-06-11 13:15:00] 【系统响应】告警录屏生成，告警类型=helmet，通道1，帧数=66，文件=helmet_ch1_20260611_131447.mp4，响应时间: 453 ms，结果=成功
[2026-06-11 13:15:00] 【拉流】通道2 DecodeHub，拉流帧率: 23.91，目标帧率: 20
[2026-06-11 13:15:01] 【拉流】通道1 DecodeHub，拉流帧率: 23.82，目标帧率: 20
[2026-06-11 13:15:01] 【拉流】通道4 DecodeHub，拉流帧率: 23.84，目标帧率: 20
[2026-06-11 13:15:01] 【拉流】通道3 DecodeHub，拉流帧率: 23.83，目标帧率: 20
[2026-06-11 13:15:01] 【模型性能】检测任务=呼吸机检测，模型=YOLO26-Gasmask，输入尺寸=640×640，单帧推理/ms=6.22，后处理/ms=0.23，平均FPS=78.42，吞吐FPS=3.94，通道3，样本=210
[2026-06-11 13:15:01] 【模型性能】检测任务=呼吸机检测，模型=YOLO26-Helmet(人员定位)，输入尺寸=640×640，单帧推理/ms=6.19，后处理/ms=0.78，平均FPS=75.93，吞吐FPS=3.94，通道3，样本=210
[2026-06-11 13:15:01] 【预览】四宫格合成，预览帧率: 12.17，目标帧率: 20
[2026-06-11 13:15:01] 【系统响应】多路视频预览，4路视频流实时显示，预览帧率: 12.17 FPS，目标: 20
[2026-06-11 13:15:02] 【模型性能】检测任务=安全帽检测，模型=YOLO26-Helmet，输入尺寸=640×640，单帧推理/ms=5.92，后处理/ms=0.72，平均FPS=78.77，吞吐FPS=6.42，通道1，样本=360
[2026-06-11 13:15:02] 【预览】四宫格合成，预览帧率: 19.07，目标帧率: 20
[2026-06-11 13:15:02] 【系统响应】多路视频预览，4路视频流实时显示，预览帧率: 19.07 FPS，目标: 20
[2026-06-11 13:15:02] 【推流】MJPEG推流，推流帧率: 14.86，队列: 0
[2026-06-11 13:15:03] 【模型性能】检测任务=安全帽检测，模型=YOLO26-Helmet，输入尺寸=640×640，单帧推理/ms=5.88，后处理/ms=0.74，平均FPS=78.38，吞吐FPS=6.42，通道2，样本=360
[2026-06-11 13:15:03] 【模型性能】检测任务=人员聚集检测，模型=Person + 聚类分析，输入尺寸=640×640，单帧推理/ms=5.85，后处理/ms=0.67，平均FPS=78.85，吞吐FPS=4.87，通道4，样本=270
[2026-06-11 13:15:03] 【拉流】通道2 DecodeHub，拉流帧率: 24.88，目标帧率: 20
[2026-06-11 13:15:04] 【拉流】通道1 DecodeHub，拉流帧率: 24.95，目标帧率: 20
[2026-06-11 13:15:04] 【拉流】通道4 DecodeHub，拉流帧率: 24.92，目标帧率: 20
[2026-06-11 13:15:04] 【拉流】通道3 DecodeHub，拉流帧率: 24.99，目标帧率: 20
[2026-06-11 13:15:04] 【预览】四宫格合成，预览帧率: 18.53，目标帧率: 20
[2026-06-11 13:15:04] 【系统响应】多路视频预览，4路视频流实时显示，预览帧率: 18.53 FPS，目标: 20
[2026-06-11 13:15:06] 【预览】四宫格合成，预览帧率: 18.11，目标帧率: 20
[2026-06-11 13:15:06] 【系统响应】多路视频预览，4路视频流实时显示，预览帧率: 18.11 FPS，目标: 20
[2026-06-11 13:15:06] 【推流】MJPEG推流，推流帧率: 18.28，队列: 0
[2026-06-11 13:15:06] 【拉流】通道2 DecodeHub，拉流帧率: 25.68，目标帧率: 20
[2026-06-11 13:15:07] 【拉流】通道1 DecodeHub，拉流帧率: 25.59，目标帧率: 20
[2026-06-11 13:15:07] 【拉流】通道4 DecodeHub，拉流帧率: 25.62，目标帧率: 20
[2026-06-11 13:15:07] 【拉流】通道3 DecodeHub，拉流帧率: 25.52，目标帧率: 20
[2026-06-11 13:15:07] 【模型性能】检测任务=安全帽检测，模型=YOLO26-Helmet，输入尺寸=640×640，单帧推理/ms=5.87，后处理/ms=0.68，平均FPS=79.61，吞吐FPS=6.42，通道1，样本=390
[2026-06-11 13:15:07] 【模型性能】检测任务=安全帽检测，模型=YOLO26-Helmet，输入尺寸=640×640，单帧推理/ms=5.87，后处理/ms=0.70，平均FPS=78.84，吞吐FPS=6.43，通道2，样本=390
[2026-06-11 13:15:07] 【预览】四宫格合成，预览帧率: 18.63，目标帧率: 20
[2026-06-11 13:15:07] 【系统响应】多路视频预览，4路视频流实时显示，预览帧率: 18.63 FPS，目标: 20
[2026-06-11 13:15:08] 【系统响应】本地AI助手查询，意图=query_system_status，响应时间: 42 ms，结果=成功
[2026-06-11 13:15:08] 【模型性能】检测任务=呼吸机检测，模型=YOLO26-Gasmask，输入尺寸=640×640，单帧推理/ms=6.12，后处理/ms=0.23，平均FPS=79.46，吞吐FPS=3.94，通道3，样本=240
[2026-06-11 13:15:08] 【模型性能】检测任务=呼吸机检测，模型=YOLO26-Helmet(人员定位)，输入尺寸=640×640，单帧推理/ms=6.08，后处理/ms=0.71，平均FPS=77.16，吞吐FPS=3.94，通道3，样本=240
[2026-06-11 13:15:09] 【预览】四宫格合成，预览帧率: 17.02，目标帧率: 20
[2026-06-11 13:15:09] 【系统响应】多路视频预览，4路视频流实时显示，预览帧率: 17.02 FPS，目标: 20
[2026-06-11 13:15:09] 【推流】MJPEG推流，推流帧率: 17.74，队列: 0
[2026-06-11 13:15:09] 【拉流】通道2 DecodeHub，拉流帧率: 24.59，目标帧率: 20
[2026-06-11 13:15:10] 【模型性能】检测任务=人员聚集检测，模型=Person + 聚类分析，输入尺寸=640×640，单帧推理/ms=5.83，后处理/ms=0.63，平均FPS=79.56，吞吐FPS=4.87，通道4，样本=300
[2026-06-11 13:15:10] 【拉流】通道1 DecodeHub，拉流帧率: 24.65，目标帧率: 20
[2026-06-11 13:15:10] 【拉流】通道4 DecodeHub，拉流帧率: 24.63，目标帧率: 20
[2026-06-11 13:15:10] 【拉流】通道3 DecodeHub，拉流帧率: 24.78，目标帧率: 20
[2026-06-11 13:15:12] 【模型性能】检测任务=安全帽检测，模型=YOLO26-Helmet，输入尺寸=640×640，单帧推理/ms=5.87，后处理/ms=0.67，平均FPS=79.70，吞吐FPS=6.42，通道1，样本=420
[2026-06-11 13:15:12] 【预览】四宫格合成，预览帧率: 11.77，目标帧率: 20
[2026-06-11 13:15:12] 【系统响应】多路视频预览，4路视频流实时显示，预览帧率: 11.77 FPS，目标: 20
[2026-06-11 13:15:12] 【模型性能】检测任务=安全帽检测，模型=YOLO26-Helmet，输入尺寸=640×640，单帧推理/ms=5.88，后处理/ms=0.69，平均FPS=78.70，吞吐FPS=6.43，通道2，样本=420
[2026-06-11 13:15:12] 【拉流】通道2 DecodeHub，拉流帧率: 23.54，目标帧率: 20
[2026-06-11 13:15:13] 【拉流】通道1 DecodeHub，拉流帧率: 23.39，目标帧率: 20
[2026-06-11 13:15:13] 【拉流】通道4 DecodeHub，拉流帧率: 23.38，目标帧率: 20
[2026-06-11 13:15:13] 【拉流】通道3 DecodeHub，拉流帧率: 23.28，目标帧率: 20
[2026-06-11 13:15:13] 【系统响应】本地AI助手查询，意图=alert_statistics，响应时间: 39 ms，结果=成功
[2026-06-11 13:15:14] 【预览】四宫格合成，预览帧率: 12.10，目标帧率: 20
[2026-06-11 13:15:14] 【系统响应】多路视频预览，4路视频流实时显示，预览帧率: 12.10 FPS，目标: 20
[2026-06-11 13:15:14] 【推流】MJPEG推流，推流帧率: 11.90，队列: 0
[2026-06-11 13:15:15] 【系统响应】告警截图生成，告警类型=helmet，通道1，文件=helmet_ch1_20260611_131503_frame.jpg，响应时间: 37 ms，结果=成功
[2026-06-11 13:15:16] 【拉流】通道2 DecodeHub，拉流帧率: 22.89，目标帧率: 20
[2026-06-11 13:15:16] 【拉流】通道1 DecodeHub，拉流帧率: 22.94，目标帧率: 20
[2026-06-11 13:15:16] 【拉流】通道4 DecodeHub，拉流帧率: 22.93，目标帧率: 20
[2026-06-11 13:15:16] 【拉流】通道3 DecodeHub，拉流帧率: 22.79，目标帧率: 20
[2026-06-11 13:15:16] 【模型性能】检测任务=人员聚集检测，模型=Person + 聚类分析，输入尺寸=640×640，单帧推理/ms=5.84，后处理/ms=0.63，平均FPS=79.27，吞吐FPS=4.87，通道4，样本=330
[2026-06-11 13:15:16] 【系统响应】告警录屏生成，告警类型=helmet，通道1，帧数=75，文件=helmet_ch1_20260611_131503.mp4，响应时间: 487 ms，结果=成功
[2026-06-11 13:15:16] 【系统响应】告警截图生成，告警类型=ventilator，通道3，文件=ventilator_ch3_20260611_131503_frame.jpg，响应时间: 32 ms，结果=成功
[2026-06-11 13:15:16] 【模型性能】检测任务=呼吸机检测，模型=YOLO26-Gasmask，输入尺寸=640×640，单帧推理/ms=6.11，后处理/ms=0.24，平均FPS=79.44，吞吐FPS=3.94，通道3，样本=270
[2026-06-11 13:15:16] 【模型性能】检测任务=呼吸机检测，模型=YOLO26-Helmet(人员定位)，输入尺寸=640×640，单帧推理/ms=6.10，后处理/ms=0.73，平均FPS=76.44，吞吐FPS=3.94，通道3，样本=270
[2026-06-11 13:15:16] 【模型性能】检测任务=安全帽检测，模型=YOLO26-Helmet，输入尺寸=640×640，单帧推理/ms=5.92，后处理/ms=0.68，平均FPS=79.11，吞吐FPS=6.42，通道1，样本=450
[2026-06-11 13:15:16] 【系统响应】告警录屏生成，告警类型=ventilator，通道3，帧数=75，文件=ventilator_ch3_20260611_131503.mp4，响应时间: 488 ms，结果=成功
[2026-06-11 13:15:17] 【系统响应】告警截图生成，告警类型=helmet，通道2，文件=helmet_ch2_20260611_131503_frame.jpg，响应时间: 20 ms，结果=成功
[2026-06-11 13:15:17] 【模型性能】检测任务=安全帽检测，模型=YOLO26-Helmet，输入尺寸=640×640，单帧推理/ms=5.86，后处理/ms=0.69，平均FPS=78.60，吞吐FPS=6.43，通道2，样本=450
[2026-06-11 13:15:17] 【系统响应】本地AI助手查询，意图=alert_statistics，响应时间: 30 ms，结果=成功
[2026-06-11 13:15:17] 【系统响应】告警录屏生成，告警类型=helmet，通道2，帧数=75，文件=helmet_ch2_20260611_131503.mp4，响应时间: 507 ms，结果=成功
[2026-06-11 13:15:18] 【预览】四宫格合成，预览帧率: 7.76，目标帧率: 20
[2026-06-11 13:15:18] 【系统响应】多路视频预览，4路视频流实时显示，预览帧率: 7.76 FPS，目标: 20
[2026-06-11 13:15:19] 【拉流】通道2 DecodeHub，拉流帧率: 22.86，目标帧率: 20
[2026-06-11 13:15:19] 【拉流】通道1 DecodeHub，拉流帧率: 22.89，目标帧率: 20
[2026-06-11 13:15:19] 【拉流】通道4 DecodeHub，拉流帧率: 22.89，目标帧率: 20
[2026-06-11 13:15:19] 【拉流】通道3 DecodeHub，拉流帧率: 22.93，目标帧率: 20
[2026-06-11 13:15:20] 【系统响应】本地AI助手查询，意图=generate_report，响应时间: 47 ms，结果=成功
[2026-06-11 13:15:20] 【预览】四宫格合成，预览帧率: 12.98，目标帧率: 20
[2026-06-11 13:15:20] 【系统响应】多路视频预览，4路视频流实时显示，预览帧率: 12.98 FPS，目标: 20
[2026-06-11 13:15:20] 【推流】MJPEG推流，推流帧率: 9.69，队列: 0
[2026-06-11 13:15:21] 【模型性能】检测任务=安全帽检测，模型=YOLO26-Helmet，输入尺寸=640×640，单帧推理/ms=5.90，后处理/ms=0.69，平均FPS=79.01，吞吐FPS=6.42，通道1，样本=480
[2026-06-11 13:15:21] 【模型性能】检测任务=安全帽检测，模型=YOLO26-Helmet，输入尺寸=640×640，单帧推理/ms=5.88，后处理/ms=0.72，平均FPS=78.24，吞吐FPS=6.43，通道2，样本=480
[2026-06-11 13:15:22] 【拉流】通道2 DecodeHub，拉流帧率: 22.97，目标帧率: 20
[2026-06-11 13:15:22] 【拉流】通道1 DecodeHub，拉流帧率: 22.93，目标帧率: 20
[2026-06-11 13:15:22] 【拉流】通道4 DecodeHub，拉流帧率: 22.97，目标帧率: 20
[2026-06-11 13:15:22] 【拉流】通道3 DecodeHub，拉流帧率: 22.97，目标帧率: 20
[2026-06-11 13:15:22] 【模型性能】检测任务=人员聚集检测，模型=Person + 聚类分析，输入尺寸=640×640，单帧推理/ms=5.86，后处理/ms=0.65，平均FPS=78.56，吞吐FPS=4.86，通道4，样本=360
[2026-06-11 13:15:23] 【预览】四宫格合成，预览帧率: 10.53，目标帧率: 20
[2026-06-11 13:15:23] 【系统响应】多路视频预览，4路视频流实时显示，预览帧率: 10.53 FPS，目标: 20
[2026-06-11 13:15:24] 【模型性能】检测任务=呼吸机检测，模型=YOLO26-Gasmask，输入尺寸=640×640，单帧推理/ms=6.06，后处理/ms=0.24，平均FPS=79.86，吞吐FPS=3.93，通道3，样本=300
[2026-06-11 13:15:24] 【模型性能】检测任务=呼吸机检测，模型=YOLO26-Helmet(人员定位)，输入尺寸=640×640，单帧推理/ms=6.17，后处理/ms=0.71，平均FPS=76.55，吞吐FPS=3.93，通道3，样本=300
[2026-06-11 13:15:24] 【系统响应】告警截图生成，告警类型=helmet，通道2，文件=helmet_ch2_20260611_131512_frame.jpg，响应时间: 20 ms，结果=成功
[2026-06-11 13:15:24] 【系统响应】告警录屏生成，告警类型=helmet，通道2，帧数=66，文件=helmet_ch2_20260611_131512.mp4，响应时间: 442 ms，结果=成功
[2026-06-11 13:15:25] 【拉流】通道2 DecodeHub，拉流帧率: 23.18，目标帧率: 20
[2026-06-11 13:15:25] 【拉流】通道1 DecodeHub，拉流帧率: 23.20，目标帧率: 20
[2026-06-11 13:15:25] 【拉流】通道4 DecodeHub，拉流帧率: 23.24，目标帧率: 20
[2026-06-11 13:15:25] 【拉流】通道3 DecodeHub，拉流帧率: 23.46，目标帧率: 20
[2026-06-11 13:15:26] 【模型性能】检测任务=安全帽检测，模型=YOLO26-Helmet，输入尺寸=640×640，单帧推理/ms=5.88，后处理/ms=0.70，平均FPS=78.82，吞吐FPS=6.42，通道1，样本=510
[2026-06-11 13:15:26] 【系统响应】告警截图生成，告警类型=helmet，通道2，文件=helmet_ch2_20260611_131514_frame.jpg，响应时间: 37 ms，结果=成功
[2026-06-11 13:15:26] 【模型性能】检测任务=安全帽检测，模型=YOLO26-Helmet，输入尺寸=640×640，单帧推理/ms=5.90，后处理/ms=0.72，平均FPS=77.99，吞吐FPS=6.42，通道2，样本=510
[2026-06-11 13:15:26] 【系统响应】告警录屏生成，告警类型=helmet，通道2，帧数=61，文件=helmet_ch2_20260611_131514.mp4，响应时间: 448 ms，结果=成功
[2026-06-11 13:15:26] 【系统响应】告警截图生成，告警类型=ventilator，通道3，文件=ventilator_ch3_20260611_131514_frame.jpg，响应时间: 23 ms，结果=成功
[2026-06-11 13:15:27] 【系统响应】告警录屏生成，告警类型=ventilator，通道3，帧数=61，文件=ventilator_ch3_20260611_131514.mp4，响应时间: 431 ms，结果=成功
[2026-06-11 13:15:27] 【系统响应】告警截图生成，告警类型=helmet，通道1，文件=helmet_ch1_20260611_131515_frame.jpg，响应时间: 23 ms，结果=成功
[2026-06-11 13:15:28] 【系统响应】告警录屏生成，告警类型=helmet，通道1，帧数=58，文件=helmet_ch1_20260611_131515.mp4，响应时间: 392 ms，结果=成功
[2026-06-11 13:15:28] 【拉流】通道4 DecodeHub，拉流帧率: 20.64，目标帧率: 20
[2026-06-11 13:15:28] 【拉流】通道1 DecodeHub，拉流帧率: 20.74，目标帧率: 20
[2026-06-11 13:15:28] 【拉流】通道2 DecodeHub，拉流帧率: 20.79，目标帧率: 20
[2026-06-11 13:15:28] 【预览】四宫格合成，预览帧率: 6.69，目标帧率: 20
[2026-06-11 13:15:28] 【系统响应】多路视频预览，4路视频流实时显示，预览帧率: 6.69 FPS，目标: 20
[2026-06-11 13:15:28] 【系统响应】告警截图生成，告警类型=ventilator，通道3，文件=ventilator_ch3_20260611_131515_frame.jpg，响应时间: 24 ms，结果=成功
[2026-06-11 13:15:28] 【推流】MJPEG推流，推流帧率: 8.16，队列: 0
[2026-06-11 13:15:28] 【拉流】通道3 DecodeHub，拉流帧率: 20.43，目标帧率: 20
[2026-06-11 13:15:28] 【模型性能】检测任务=人员聚集检测，模型=Person + 聚类分析，输入尺寸=640×640，单帧推理/ms=5.89，后处理/ms=0.64，平均FPS=78.24，吞吐FPS=4.86，通道4，样本=390
[2026-06-11 13:15:28] 【系统响应】告警录屏生成，告警类型=ventilator，通道3，帧数=58，文件=ventilator_ch3_20260611_131515.mp4，响应时间: 390 ms，结果=成功
[2026-06-11 13:15:30] 【模型性能】检测任务=安全帽检测，模型=YOLO26-Helmet，输入尺寸=640×640，单帧推理/ms=5.87，后处理/ms=0.70，平均FPS=79.00，吞吐FPS=6.42，通道1，样本=540
[2026-06-11 13:15:30] 【预览】四宫格合成，预览帧率: 11.02，目标帧率: 20
[2026-06-11 13:15:30] 【系统响应】多路视频预览，4路视频流实时显示，预览帧率: 11.02 FPS，目标: 20
[2026-06-11 13:15:31] 【模型性能】检测任务=安全帽检测，模型=YOLO26-Helmet，输入尺寸=640×640，单帧推理/ms=5.90，后处理/ms=0.72，平均FPS=78.02，吞吐FPS=6.43，通道2，样本=540
[2026-06-11 13:15:31] 【拉流】通道4 DecodeHub，拉流帧率: 23.09，目标帧率: 20
[2026-06-11 13:15:31] 【拉流】通道1 DecodeHub，拉流帧率: 23.08，目标帧率: 20
[2026-06-11 13:15:31] 【拉流】通道2 DecodeHub，拉流帧率: 23.08，目标帧率: 20
[2026-06-11 13:15:31] 【拉流】通道3 DecodeHub，拉流帧率: 23.07，目标帧率: 20
[2026-06-11 13:15:31] 【系统响应】告警截图生成，告警类型=helmet，通道1，文件=helmet_ch1_20260611_131519_frame.jpg，响应时间: 37 ms，结果=成功
[2026-06-11 13:15:31] 【系统响应】告警录屏生成，告警类型=helmet，通道1，帧数=62，文件=helmet_ch1_20260611_131519.mp4，响应时间: 455 ms，结果=成功
[2026-06-11 13:15:31] 【模型性能】检测任务=呼吸机检测，模型=YOLO26-Gasmask，输入尺寸=640×640，单帧推理/ms=5.99，后处理/ms=0.24，平均FPS=80.39，吞吐FPS=3.93，通道3，样本=330
[2026-06-11 13:15:31] 【模型性能】检测任务=呼吸机检测，模型=YOLO26-Helmet(人员定位)，输入尺寸=640×640，单帧推理/ms=6.19，后处理/ms=0.70，平均FPS=76.57，吞吐FPS=3.93，通道3，样本=330
[2026-06-11 13:15:33] 【预览】四宫格合成，预览帧率: 10.32，目标帧率: 20
[2026-06-11 13:15:33] 【系统响应】多路视频预览，4路视频流实时显示，预览帧率: 10.32 FPS，目标: 20
[2026-06-11 13:15:33] 【推流】MJPEG推流，推流帧率: 10.65，队列: 0
[2026-06-11 13:15:33] 【系统响应】本地AI助手查询，意图=query_alerts，响应时间: 48 ms，结果=成功
[2026-06-11 13:15:34] 【拉流】通道4 DecodeHub，拉流帧率: 22.65，目标帧率: 20
[2026-06-11 13:15:34] 【拉流】通道1 DecodeHub，拉流帧率: 22.63，目标帧率: 20
[2026-06-11 13:15:34] 【拉流】通道2 DecodeHub，拉流帧率: 22.64，目标帧率: 20
[2026-06-11 13:15:34] 【拉流】通道3 DecodeHub，拉流帧率: 22.69，目标帧率: 20
[2026-06-11 13:15:34] 【模型性能】检测任务=人员聚集检测，模型=Person + 聚类分析，输入尺寸=640×640，单帧推理/ms=5.92，后处理/ms=0.65，平均FPS=77.94，吞吐FPS=4.86，通道4，样本=420
[2026-06-11 13:15:35] 【模型性能】检测任务=安全帽检测，模型=YOLO26-Helmet，输入尺寸=640×640，单帧推理/ms=5.86，后处理/ms=0.69，平均FPS=79.12，吞吐FPS=6.42，通道1，样本=570
[2026-06-11 13:15:35] 【系统响应】告警截图生成，告警类型=helmet，通道1，文件=helmet_ch1_20260611_131523_frame.jpg，响应时间: 22 ms，结果=成功
[2026-06-11 13:15:35] 【模型性能】检测任务=安全帽检测，模型=YOLO26-Helmet，输入尺寸=640×640，单帧推理/ms=5.89，后处理/ms=0.72，平均FPS=77.97，吞吐FPS=6.42，通道2，样本=570
[2026-06-11 13:15:35] 【系统响应】告警录屏生成，告警类型=helmet，通道1，帧数=60，文件=helmet_ch1_20260611_131523.mp4，响应时间: 443 ms，结果=成功
[2026-06-11 13:15:36] 【系统响应】告警截图生成，告警类型=helmet，通道2，文件=helmet_ch2_20260611_131523_frame.jpg，响应时间: 25 ms，结果=成功
[2026-06-11 13:15:36] 【系统响应】告警录屏生成，告警类型=helmet，通道2，帧数=60，文件=helmet_ch2_20260611_131523.mp4，响应时间: 438 ms，结果=成功
[2026-06-11 13:15:36] 【系统响应】告警截图生成，告警类型=ventilator，通道3，文件=ventilator_ch3_20260611_131523_frame.jpg，响应时间: 26 ms，结果=成功
[2026-06-11 13:15:37] 【拉流】通道4 DecodeHub，拉流帧率: 22.11，目标帧率: 20
[2026-06-11 13:15:37] 【拉流】通道1 DecodeHub，拉流帧率: 22.14，目标帧率: 20
[2026-06-11 13:15:37] 【系统响应】告警录屏生成，告警类型=ventilator，通道3，帧数=59，文件=ventilator_ch3_20260611_131523.mp4，响应时间: 429 ms，结果=成功
[2026-06-11 13:15:37] 【拉流】通道2 DecodeHub，拉流帧率: 22.08，目标帧率: 20
[2026-06-11 13:15:37] 【拉流】通道3 DecodeHub，拉流帧率: 22.13，目标帧率: 20
[2026-06-11 13:15:37] 【预览】四宫格合成，预览帧率: 7.27，目标帧率: 20
[2026-06-11 13:15:37] 【系统响应】多路视频预览，4路视频流实时显示，预览帧率: 7.27 FPS，目标: 20
[2026-06-11 13:15:39] 【模型性能】检测任务=呼吸机检测，模型=YOLO26-Gasmask，输入尺寸=640×640，单帧推理/ms=5.95，后处理/ms=0.25，平均FPS=80.54，吞吐FPS=3.93，通道3，样本=360
[2026-06-11 13:15:39] 【模型性能】检测任务=呼吸机检测，模型=YOLO26-Helmet(人员定位)，输入尺寸=640×640，单帧推理/ms=6.13，后处理/ms=0.71，平均FPS=77.05，吞吐FPS=3.93，通道3，样本=360
[2026-06-11 13:15:40] 【模型性能】检测任务=安全帽检测，模型=YOLO26-Helmet，输入尺寸=640×640，单帧推理/ms=5.86，后处理/ms=0.70，平均FPS=78.76，吞吐FPS=6.42，通道1，样本=600
[2026-06-11 13:15:40] 【拉流】通道4 DecodeHub，拉流帧率: 23.48，目标帧率: 20
[2026-06-11 13:15:40] 【拉流】通道1 DecodeHub，拉流帧率: 23.42，目标帧率: 20
[2026-06-11 13:15:40] 【拉流】通道2 DecodeHub，拉流帧率: 23.38，目标帧率: 20
[2026-06-11 13:15:40] 【拉流】通道3 DecodeHub，拉流帧率: 23.33，目标帧率: 20
[2026-06-11 13:15:40] 【模型性能】检测任务=安全帽检测，模型=YOLO26-Helmet，输入尺寸=640×640，单帧推理/ms=5.88，后处理/ms=0.72，平均FPS=77.98，吞吐FPS=6.42，通道2，样本=600
[2026-06-11 13:15:40] 【预览】四宫格合成，预览帧率: 10.57，目标帧率: 20
[2026-06-11 13:15:40] 【系统响应】多路视频预览，4路视频流实时显示，预览帧率: 10.57 FPS，目标: 20
[2026-06-11 13:15:40] 【推流】MJPEG推流，推流帧率: 8.60，队列: 0
[2026-06-11 13:15:40] 【模型性能】检测任务=人员聚集检测，模型=Person + 聚类分析，输入尺寸=640×640，单帧推理/ms=5.92，后处理/ms=0.68，平均FPS=77.85，吞吐FPS=4.86，通道4，样本=450
[2026-06-11 13:15:41] 【系统响应】告警截图生成，告警类型=helmet，通道1，文件=helmet_ch1_20260611_131528_frame.jpg，响应时间: 26 ms，结果=成功
[2026-06-11 13:15:41] 【系统响应】告警录屏生成，告警类型=helmet，通道1，帧数=63，文件=helmet_ch1_20260611_131528.mp4，响应时间: 482 ms，结果=成功
[2026-06-11 13:15:41] 【系统响应】告警截图生成，告警类型=ventilator，通道3，文件=ventilator_ch3_20260611_131528_frame.jpg，响应时间: 28 ms，结果=成功
[2026-06-11 13:15:42] 【系统响应】告警录屏生成，告警类型=ventilator，通道3，帧数=63，文件=ventilator_ch3_20260611_131528.mp4，响应时间: 476 ms，结果=成功
[2026-06-11 13:15:42] 【系统响应】告警截图生成，告警类型=ventilator，通道3，文件=ventilator_ch3_20260611_131529_frame.jpg，响应时间: 30 ms，结果=成功
[2026-06-11 13:15:42] 【系统响应】告警录屏生成，告警类型=ventilator，通道3，帧数=60，文件=ventilator_ch3_20260611_131529.mp4，响应时间: 458 ms，结果=成功
[2026-06-11 13:15:43] 【拉流】通道4 DecodeHub，拉流帧率: 22.36，目标帧率: 20
[2026-06-11 13:15:43] 【拉流】通道1 DecodeHub，拉流帧率: 22.32，目标帧率: 20
[2026-06-11 13:15:43] 【拉流】通道2 DecodeHub，拉流帧率: 22.40，目标帧率: 20
[2026-06-11 13:15:43] 【拉流】通道3 DecodeHub，拉流帧率: 22.46，目标帧率: 20
[2026-06-11 13:15:44] 【预览】四宫格合成，预览帧率: 7.91，目标帧率: 20
[2026-06-11 13:15:44] 【系统响应】多路视频预览，4路视频流实时显示，预览帧率: 7.91 FPS，目标: 20
[2026-06-11 13:15:46] 【拉流】通道4 DecodeHub，拉流帧率: 23.60，目标帧率: 20
[2026-06-11 13:15:46] 【拉流】通道1 DecodeHub，拉流帧率: 23.72，目标帧率: 20
[2026-06-11 13:15:46] 【拉流】通道2 DecodeHub，拉流帧率: 23.72，目标帧率: 20
[2026-06-11 13:15:46] 【拉流】通道3 DecodeHub，拉流帧率: 23.82，目标帧率: 20
[2026-06-11 13:15:46] 【预览】四宫格合成，预览帧率: 15.02，目标帧率: 20
[2026-06-11 13:15:46] 【系统响应】多路视频预览，4路视频流实时显示，预览帧率: 15.02 FPS，目标: 20
[2026-06-11 13:15:46] 【推流】MJPEG推流，推流帧率: 10.35，队列: 0
[2026-06-11 13:15:48] 【预览】四宫格合成，预览帧率: 19.51，目标帧率: 20
[2026-06-11 13:15:48] 【系统响应】多路视频预览，4路视频流实时显示，预览帧率: 19.51 FPS，目标: 20
[2026-06-11 13:15:49] 【拉流】通道4 DecodeHub，拉流帧率: 26.14，目标帧率: 20
[2026-06-11 13:15:49] 【拉流】通道1 DecodeHub，拉流帧率: 26.11，目标帧率: 20
[2026-06-11 13:15:49] 【拉流】通道2 DecodeHub，拉流帧率: 26.11，目标帧率: 20
[2026-06-11 13:15:49] 【拉流】通道3 DecodeHub，拉流帧率: 26.07，目标帧率: 20
[2026-06-11 13:15:49] 【预览】四宫格合成，预览帧率: 19.87，目标帧率: 20
[2026-06-11 13:15:49] 【系统响应】多路视频预览，4路视频流实时显示，预览帧率: 19.87 FPS，目标: 20
[2026-06-11 13:15:49] 【推流】MJPEG推流，推流帧率: 19.60，队列: 0
